<?xml version="1.0" encoding="UTF-8"?>
<testsuite xmlns:xsi="http://www.w3.org/2001/XMLSchema-instance" xsi:noNamespaceSchemaLocation="https://maven.apache.org/surefire/maven-surefire-plugin/xsd/surefire-test-report.xsd" version="3.0.2" name="com.armedia.acm.services.ocr.rules.OCRBusinessProcessRulesTest" time="0.883" tests="4" errors="0" skipped="0" failures="0">
  <properties>
    <property name="java.specification.version" value="17"/>
    <property name="java.vm.vendor" value="Ubuntu"/>
    <property name="sun.arch.data.model" value="64"/>
    <property name="os.name" value="Linux"/>
    <property name="jdk.debug" value="release"/>
    <property name="java.runtime.version" value="17.0.19+10-1-25.10.2-Ubuntu"/>
    <property name="os.version" value="6.12.85+"/>
    <property name="java.runtime.name" value="OpenJDK Runtime Environment"/>
    <property name="file.encoding" value="UTF-8"/>
    <property name="java.vm.name" value="OpenJDK 64-Bit Server VM"/>
    <property name="java.version" value="17.0.19"/>
    <property name="os.arch" value="amd64"/>
    <property name="java.vm.info" value="mixed mode, sharing"/>
    <property name="java.vendor" value="Ubuntu"/>
    <property name="java.vm.version" value="17.0.19+10-1-25.10.2-Ubuntu"/>
    <property name="java.class.version" value="61.0"/>
  </properties>
  <testcase name="businessProcess_Manual_Start" classname="com.armedia.acm.services.ocr.rules.OCRBusinessProcessRulesTest" time="0.283">
    <system-out><![CDATA[2026-08-08 11:48:32,751 [INFO ] [main] com.armedia.acm.services.ocr.rules.OCRBusinessProcessRulesTest - DRL: package OCR_Workflow_Rules;
//generated from Decision Table
import com.armedia.acm.services.mediaengine.model.MediaEngineBusinessProcessModel;
import org.springframework.expression.EvaluationContext;
import org.springframework.expression.Expression;
import org.springframework.expression.ExpressionParser;
import org.springframework.expression.spel.standard.SpelExpressionParser;
import org.springframework.expression.spel.support.StandardEvaluationContext;

function Boolean evalSpring(String expression, Object obj)
{
    ExpressionParser ep = new SpelExpressionParser();
    Expression exp = ep.parseExpression(expression);
    EvaluationContext ec = new StandardEvaluationContext();

    Boolean evaluated = exp.getValue(ec, obj, Boolean.class);
	
    return evaluated;
}
// rule values at C17, header at C12
rule "OCR Workflow Rules_17"
	salience 65535
	when
		$model: MediaEngineBusinessProcessModel(eval(evalSpring("type == 'AUTOMATIC'", $model)))
	then
		$model.setStart(true);
		$model.setName("MediaEngineWorkFlow");
end

// rule values at C18, header at C12
rule "OCR Workflow Rules_18"
	salience 65534
	when
		$model: MediaEngineBusinessProcessModel(eval(evalSpring("type == 'MANUAL'", $model)))
	then
		$model.setStart(true);
		$model.setName("MediaEngineWorkFlow");
end


2026-08-08 11:48:32,917 [DEBUG] [main] com.armedia.acm.services.ocr.rules.OCRBusinessProcessRulesTest - Start: true
]]></system-out>
  </testcase>
  <testcase name="businessProcess_Automatic_Start" classname="com.armedia.acm.services.ocr.rules.OCRBusinessProcessRulesTest" time="0.213">
    <system-out><![CDATA[2026-08-08 11:48:32,972 [INFO ] [main] com.armedia.acm.services.ocr.rules.OCRBusinessProcessRulesTest - DRL: package OCR_Workflow_Rules;
//generated from Decision Table
import com.armedia.acm.services.mediaengine.model.MediaEngineBusinessProcessModel;
import org.springframework.expression.EvaluationContext;
import org.springframework.expression.Expression;
import org.springframework.expression.ExpressionParser;
import org.springframework.expression.spel.standard.SpelExpressionParser;
import org.springframework.expression.spel.support.StandardEvaluationContext;

function Boolean evalSpring(String expression, Object obj)
{
    ExpressionParser ep = new SpelExpressionParser();
    Expression exp = ep.parseExpression(expression);
    EvaluationContext ec = new StandardEvaluationContext();

    Boolean evaluated = exp.getValue(ec, obj, Boolean.class);
	
    return evaluated;
}
// rule values at C17, header at C12
rule "OCR Workflow Rules_17"
	salience 65535
	when
		$model: MediaEngineBusinessProcessModel(eval(evalSpring("type == 'AUTOMATIC'", $model)))
	then
		$model.setStart(true);
		$model.setName("MediaEngineWorkFlow");
end

// rule values at C18, header at C12
rule "OCR Workflow Rules_18"
	salience 65534
	when
		$model: MediaEngineBusinessProcessModel(eval(evalSpring("type == 'MANUAL'", $model)))
	then
		$model.setStart(true);
		$model.setName("MediaEngineWorkFlow");
end


2026-08-08 11:48:33,130 [DEBUG] [main] com.armedia.acm.services.ocr.rules.OCRBusinessProcessRulesTest - Start: true
]]></system-out>
  </testcase>
  <testcase name="businessProcess_Automatic_Name" classname="com.armedia.acm.services.ocr.rules.OCRBusinessProcessRulesTest" time="0.203">
    <system-out><![CDATA[2026-08-08 11:48:33,181 [INFO ] [main] com.armedia.acm.services.ocr.rules.OCRBusinessProcessRulesTest - DRL: package OCR_Workflow_Rules;
//generated from Decision Table
import com.armedia.acm.services.mediaengine.model.MediaEngineBusinessProcessModel;
import org.springframework.expression.EvaluationContext;
import org.springframework.expression.Expression;
import org.springframework.expression.ExpressionParser;
import org.springframework.expression.spel.standard.SpelExpressionParser;
import org.springframework.expression.spel.support.StandardEvaluationContext;

function Boolean evalSpring(String expression, Object obj)
{
    ExpressionParser ep = new SpelExpressionParser();
    Expression exp = ep.parseExpression(expression);
    EvaluationContext ec = new StandardEvaluationContext();

    Boolean evaluated = exp.getValue(ec, obj, Boolean.class);
	
    return evaluated;
}
// rule values at C17, header at C12
rule "OCR Workflow Rules_17"
	salience 65535
	when
		$model: MediaEngineBusinessProcessModel(eval(evalSpring("type == 'AUTOMATIC'", $model)))
	then
		$model.setStart(true);
		$model.setName("MediaEngineWorkFlow");
end

// rule values at C18, header at C12
rule "OCR Workflow Rules_18"
	salience 65534
	when
		$model: MediaEngineBusinessProcessModel(eval(evalSpring("type == 'MANUAL'", $model)))
	then
		$model.setStart(true);
		$model.setName("MediaEngineWorkFlow");
end


2026-08-08 11:48:33,332 [DEBUG] [main] com.armedia.acm.services.ocr.rules.OCRBusinessProcessRulesTest - Name: MediaEngineWorkFlow
]]></system-out>
  </testcase>
  <testcase name="businessProcess_Manual_Name" classname="com.armedia.acm.services.ocr.rules.OCRBusinessProcessRulesTest" time="0.183">
    <system-out><![CDATA[2026-08-08 11:48:33,378 [INFO ] [main] com.armedia.acm.services.ocr.rules.OCRBusinessProcessRulesTest - DRL: package OCR_Workflow_Rules;
//generated from Decision Table
import com.armedia.acm.services.mediaengine.model.MediaEngineBusinessProcessModel;
import org.springframework.expression.EvaluationContext;
import org.springframework.expression.Expression;
import org.springframework.expression.ExpressionParser;
import org.springframework.expression.spel.standard.SpelExpressionParser;
import org.springframework.expression.spel.support.StandardEvaluationContext;

function Boolean evalSpring(String expression, Object obj)
{
    ExpressionParser ep = new SpelExpressionParser();
    Expression exp = ep.parseExpression(expression);
    EvaluationContext ec = new StandardEvaluationContext();

    Boolean evaluated = exp.getValue(ec, obj, Boolean.class);
	
    return evaluated;
}
// rule values at C17, header at C12
rule "OCR Workflow Rules_17"
	salience 65535
	when
		$model: MediaEngineBusinessProcessModel(eval(evalSpring("type == 'AUTOMATIC'", $model)))
	then
		$model.setStart(true);
		$model.setName("MediaEngineWorkFlow");
end

// rule values at C18, header at C12
rule "OCR Workflow Rules_18"
	salience 65534
	when
		$model: MediaEngineBusinessProcessModel(eval(evalSpring("type == 'MANUAL'", $model)))
	then
		$model.setStart(true);
		$model.setName("MediaEngineWorkFlow");
end


2026-08-08 11:48:33,515 [DEBUG] [main] com.armedia.acm.services.ocr.rules.OCRBusinessProcessRulesTest - Name: MediaEngineWorkFlow
]]></system-out>
  </testcase>
</testsuite>
