<?xml version="1.0" encoding="UTF-8" ?>
<testsuite tests="18" failures="0" name="com.armedia.acm.plugins.casefile.service.CaseFileEnterQueueBusinessRuleTest" time="9.445" errors="0" skipped="13">
  <properties>
    <property name="java.runtime.name" value="OpenJDK Runtime Environment"/>
    <property name="java.vm.version" value="25.492-b09"/>
    <property name="java.vm.vendor" value="Private Build"/>
    <property name="java.vm.name" value="OpenJDK 64-Bit Server VM"/>
    <property name="java.runtime.version" value="1.8.0_492-8u492-ga~us2-0ubuntu1~25.10.1-b09"/>
    <property name="os.arch" value="amd64"/>
"/>
    <property name="os.name" value="Linux"/>
    <property name="java.class.version" value="52.0"/>
    <property name="os.version" value="6.12.85+"/>
    <property name="java.specification.version" value="1.8"/>
    <property name="file.encoding" value="UTF-8"/>
    <property name="sun.arch.data.model" value="64"/>
    <property name="java.vm.info" value="mixed mode"/>
    <property name="java.version" value="1.8.0_492"/>
    <property name="java.vendor" value="Private Build"/>
  </properties>
  <testcase classname="com.armedia.acm.plugins.casefile.service.CaseFileEnterQueueBusinessRuleTest" name="generalCounselQueue_withRequiredFields_notAppeal_ligitation" time="0.001">
    <skipped/>
  </testcase>
  <testcase classname="com.armedia.acm.plugins.casefile.service.CaseFileEnterQueueBusinessRuleTest" name="generalCounselQueue_withRequiredFields_appeal_ligitation" time="0.001">
    <skipped/>
  </testcase>
  <testcase classname="com.armedia.acm.plugins.casefile.service.CaseFileEnterQueueBusinessRuleTest" name="generalCounselQueue_withRequiredFields_notAppeal_notLigitation" time="1.779"/>
  <testcase classname="com.armedia.acm.plugins.casefile.service.CaseFileEnterQueueBusinessRuleTest" name="billingQueue_withRequiredFields_feeWaiver" time="0.504"/>
  <testcase classname="com.armedia.acm.plugins.casefile.service.CaseFileEnterQueueBusinessRuleTest" name="billingQueueToReleaseQueue_withRequiredFields_paid" time="0.502"/>
  <testcase classname="com.armedia.acm.plugins.casefile.service.CaseFileEnterQueueBusinessRuleTest" name="approve_requiredFieldsMissing" time="0.502">
    <skipped/>
  </testcase>
  <testcase classname="com.armedia.acm.plugins.casefile.service.CaseFileEnterQueueBusinessRuleTest" name="generalCounselQueue_withRequiredFields_appeal_notLigitation" time="0.502">
    <skipped/>
  </testcase>
  <testcase classname="com.armedia.acm.plugins.casefile.service.CaseFileEnterQueueBusinessRuleTest" name="billingQueueToHoldQueue_withRequiredFields_paid" time="0.502">
    <skipped/>
  </testcase>
  <testcase classname="com.armedia.acm.plugins.casefile.service.CaseFileEnterQueueBusinessRuleTest" name="generalCounselQueue_noRequiredFields_notAppeal_notLigitation" time="0.502">
    <skipped/>
  </testcase>
  <testcase classname="com.armedia.acm.plugins.casefile.service.CaseFileEnterQueueBusinessRuleTest" name="billingQueueToReleaseQueue_withRequiredFields_notPaid" time="0.502">
    <skipped/>
  </testcase>
  <testcase classname="com.armedia.acm.plugins.casefile.service.CaseFileEnterQueueBusinessRuleTest" name="fulfill_requiredFieldsPresent" time="0.502">
    <skipped/>
  </testcase>
  <testcase classname="com.armedia.acm.plugins.casefile.service.CaseFileEnterQueueBusinessRuleTest" name="billingQueueToHoldQueue_noRequiredFields_notPaid" time="0.526"/>
  <testcase classname="com.armedia.acm.plugins.casefile.service.CaseFileEnterQueueBusinessRuleTest" name="billingQueueToReleaseQueue_noRequiredFields_notPaid" time="0.526">
    <skipped/>
  </testcase>
  <testcase classname="com.armedia.acm.plugins.casefile.service.CaseFileEnterQueueBusinessRuleTest" name="billingQueueToReleaseQueue_noRequiredFields_paid" time="0.526">
    <skipped/>
  </testcase>
  <testcase classname="com.armedia.acm.plugins.casefile.service.CaseFileEnterQueueBusinessRuleTest" name="billingCounselQueue_noRequiredFields_feeWaiver" time="0.526">
    <skipped/>
  </testcase>
  <testcase classname="com.armedia.acm.plugins.casefile.service.CaseFileEnterQueueBusinessRuleTest" name="billingQueueToHoldQueue_withRequiredFields_notPaid" time="0.514"/>
  <testcase classname="com.armedia.acm.plugins.casefile.service.CaseFileEnterQueueBusinessRuleTest" name="fulfill_requiredFieldsMissing" time="0.514">
    <skipped/>
  </testcase>
  <testcase classname="com.armedia.acm.plugins.casefile.service.CaseFileEnterQueueBusinessRuleTest" name="billingQueueToHoldQueue_noRequiredFields_paid" time="0.514">
    <skipped/>
  </testcase>
</testsuite>
