<?xml version="1.0" encoding="UTF-8" ?>
<testsuite tests="8" failures="0" name="com.armedia.acm.plugins.casefile.service.CaseFileOnEnterQueueBusinessRuleTest" time="14.499" errors="0" skipped="0">
  <properties>
    <property name="java.runtime.name" value="OpenJDK Runtime Environment"/>
    <property name="java.vm.version" value="25.492-b09"/>
    <property name="java.vm.vendor" value="Private Build"/>
    <property name="java.vm.name" value="OpenJDK 64-Bit Server VM"/>
    <property name="java.runtime.version" value="1.8.0_492-8u492-ga~us2-0ubuntu1~25.10.1-b09"/>
    <property name="os.arch" value="amd64"/>
"/>
    <property name="os.name" value="Linux"/>
    <property name="java.class.version" value="52.0"/>
    <property name="os.version" value="6.12.85+"/>
    <property name="java.specification.version" value="1.8"/>
    <property name="file.encoding" value="UTF-8"/>
    <property name="sun.arch.data.model" value="64"/>
    <property name="java.vm.info" value="mixed mode"/>
    <property name="java.version" value="1.8.0_492"/>
    <property name="java.vendor" value="Private Build"/>
  </properties>
  <testcase classname="com.armedia.acm.plugins.casefile.service.CaseFileOnEnterQueueBusinessRuleTest" name="enterDeleteQueue" time="9.029"/>
  <testcase classname="com.armedia.acm.plugins.casefile.service.CaseFileOnEnterQueueBusinessRuleTest" name="enterFulfillQueue" time="0.799"/>
  <testcase classname="com.armedia.acm.plugins.casefile.service.CaseFileOnEnterQueueBusinessRuleTest" name="enterApproveQueue" time="0.8"/>
  <testcase classname="com.armedia.acm.plugins.casefile.service.CaseFileOnEnterQueueBusinessRuleTest" name="enterGeneralCounselQueue" time="0.777"/>
  <testcase classname="com.armedia.acm.plugins.casefile.service.CaseFileOnEnterQueueBusinessRuleTest" name="enterIntakeQueue" time="0.684"/>
  <testcase classname="com.armedia.acm.plugins.casefile.service.CaseFileOnEnterQueueBusinessRuleTest" name="enterHoldQueue" time="0.741"/>
  <testcase classname="com.armedia.acm.plugins.casefile.service.CaseFileOnEnterQueueBusinessRuleTest" name="enterReleaseQueue" time="0.792"/>
  <testcase classname="com.armedia.acm.plugins.casefile.service.CaseFileOnEnterQueueBusinessRuleTest" name="enterBillingQueue" time="0.877"/>
</testsuite>
