<?xml version="1.0" encoding="UTF-8"?>
<testsuite xmlns:xsi="http://www.w3.org/2001/XMLSchema-instance" xsi:noNamespaceSchemaLocation="https://maven.apache.org/surefire/maven-surefire-plugin/xsd/surefire-test-report.xsd" version="3.0.2" name="com.armedia.acm.plugins.consultation.service.ConsultationEventListenerTest" time="0.405" tests="11" errors="0" skipped="0" failures="0">
  <properties>
    <property name="java.specification.version" value="17"/>
    <property name="java.vm.vendor" value="Ubuntu"/>
    <property name="sun.arch.data.model" value="64"/>
    <property name="os.name" value="Linux"/>
    <property name="jdk.debug" value="release"/>
    <property name="java.runtime.version" value="17.0.19+10-1-25.10.2-Ubuntu"/>
    <property name="os.version" value="6.12.85+"/>
    <property name="java.runtime.name" value="OpenJDK Runtime Environment"/>
    <property name="file.encoding" value="UTF-8"/>
    <property name="java.vm.name" value="OpenJDK 64-Bit Server VM"/>
    <property name="java.version" value="17.0.19"/>
    <property name="os.arch" value="amd64"/>
    <property name="java.vm.info" value="mixed mode, sharing"/>
    <property name="java.vendor" value="Ubuntu"/>
    <property name="java.vm.version" value="17.0.19+10-1-25.10.2-Ubuntu"/>
    <property name="java.class.version" value="61.0"/>
  </properties>
  <testcase name="testParticipantIsDeleted" classname="com.armedia.acm.plugins.consultation.service.ConsultationEventListenerTest" time="0.212"/>
  <testcase name="testCalendarDeleted" classname="com.armedia.acm.plugins.consultation.service.ConsultationEventListenerTest" time="0.027"/>
  <testcase name="testDetailsChangedWhenPreviouslyNull" classname="com.armedia.acm.plugins.consultation.service.ConsultationEventListenerTest" time="0.023"/>
  <testcase name="testParticipantIsAdded" classname="com.armedia.acm.plugins.consultation.service.ConsultationEventListenerTest" time="0.024"/>
  <testcase name="testPriorityIsChanged" classname="com.armedia.acm.plugins.consultation.service.ConsultationEventListenerTest" time="0.02"/>
  <testcase name="testEventIsNull" classname="com.armedia.acm.plugins.consultation.service.ConsultationEventListenerTest" time="0.004"/>
  <testcase name="testStatusIsChanged" classname="com.armedia.acm.plugins.consultation.service.ConsultationEventListenerTest" time="0.02"/>
  <testcase name="testDetailsChanged" classname="com.armedia.acm.plugins.consultation.service.ConsultationEventListenerTest" time="0.031"/>
  <testcase name="testSourceIsNotConsultation" classname="com.armedia.acm.plugins.consultation.service.ConsultationEventListenerTest" time="0.003"/>
  <testcase name="testAssigneeIsChanged" classname="com.armedia.acm.plugins.consultation.service.ConsultationEventListenerTest" time="0.019"/>
  <testcase name="testParticipantIsChanged" classname="com.armedia.acm.plugins.consultation.service.ConsultationEventListenerTest" time="0.018"/>
</testsuite>
