<?xml version="1.0" encoding="UTF-8" ?>
<testsuite tests="9" failures="0" name="com.armedia.acm.objectdiff.service.AcmDiffServiceTest" time="0.267" errors="0" skipped="0">
  <properties>
    <property name="java.runtime.name" value="OpenJDK Runtime Environment"/>
    <property name="java.vm.version" value="25.492-b09"/>
    <property name="java.vm.vendor" value="Private Build"/>
    <property name="java.vm.name" value="OpenJDK 64-Bit Server VM"/>
    <property name="java.runtime.version" value="1.8.0_492-8u492-ga~us2-0ubuntu1~25.10.1-b09"/>
    <property name="os.arch" value="amd64"/>
"/>
    <property name="os.name" value="Linux"/>
    <property name="java.class.version" value="52.0"/>
    <property name="os.version" value="6.12.85+"/>
    <property name="java.specification.version" value="1.8"/>
    <property name="file.encoding" value="UTF-8"/>
    <property name="sun.arch.data.model" value="64"/>
    <property name="java.vm.info" value="mixed mode"/>
    <property name="java.version" value="1.8.0_492"/>
    <property name="java.vendor" value="Private Build"/>
  </properties>
  <testcase classname="com.armedia.acm.objectdiff.service.AcmDiffServiceTest" name="compareObjectsNoChanges" time="0.189"/>
  <testcase classname="com.armedia.acm.objectdiff.service.AcmDiffServiceTest" name="compareSameObjectReference" time="0.006"/>
  <testcase classname="com.armedia.acm.objectdiff.service.AcmDiffServiceTest" name="compareObjectModified" time="0.006"/>
  <testcase classname="com.armedia.acm.objectdiff.service.AcmDiffServiceTest" name="compareRootObjectsReplaced" time="0.039"/>
  <testcase classname="com.armedia.acm.objectdiff.service.AcmDiffServiceTest" name="compareObjectsCollectionElementAdded" time="0.005"/>
  <testcase classname="com.armedia.acm.objectdiff.service.AcmDiffServiceTest" name="compareObjectsCollectionElementRemoved" time="0.005"/>
  <testcase classname="com.armedia.acm.objectdiff.service.AcmDiffServiceTest" name="compareObjectsReplaced" time="0.006"/>
  <testcase classname="com.armedia.acm.objectdiff.service.AcmDiffServiceTest" name="compareCollectionElementModified" time="0.005"/>
  <testcase classname="com.armedia.acm.objectdiff.service.AcmDiffServiceTest" name="compareObjectsValueChanged" time="0.006"/>
</testsuite>
