<?xml version="1.0" encoding="UTF-8"?>
<testsuite xmlns:xsi="http://www.w3.org/2001/XMLSchema-instance" xsi:noNamespaceSchemaLocation="https://maven.apache.org/surefire/maven-surefire-plugin/xsd/surefire-test-report.xsd" version="3.0.2" name="com.armedia.acm.plugins.person.service.PersonDiffTest" time="0.192" tests="2" errors="0" skipped="0" failures="0">
  <properties>
    <property name="java.specification.version" value="17"/>
    <property name="java.vm.vendor" value="Ubuntu"/>
    <property name="sun.arch.data.model" value="64"/>
    <property name="os.name" value="Linux"/>
    <property name="jdk.debug" value="release"/>
    <property name="java.runtime.version" value="17.0.19+10-1-25.10.2-Ubuntu"/>
    <property name="os.version" value="6.12.85+"/>
    <property name="java.runtime.name" value="OpenJDK Runtime Environment"/>
    <property name="file.encoding" value="UTF-8"/>
    <property name="java.vm.name" value="OpenJDK 64-Bit Server VM"/>
    <property name="java.version" value="17.0.19"/>
    <property name="os.arch" value="amd64"/>
    <property name="java.vm.info" value="mixed mode, sharing"/>
    <property name="java.vendor" value="Ubuntu"/>
    <property name="java.vm.version" value="17.0.19+10-1-25.10.2-Ubuntu"/>
    <property name="java.class.version" value="61.0"/>
  </properties>
  <testcase name="compareTestNewAddress" classname="com.armedia.acm.plugins.person.service.PersonDiffTest" time="0.127">
    <system-out><![CDATA[2026-08-07 07:27:25,653 [INFO ] [main] org.springframework.test.context.support.DefaultTestContextBootstrapper - Loaded default TestExecutionListener class names from location [META-INF/spring.factories]: [org.springframework.test.context.web.ServletTestExecutionListener, org.springframework.test.context.support.DirtiesContextBeforeModesTestExecutionListener, org.springframework.test.context.event.ApplicationEventsTestExecutionListener, org.springframework.test.context.support.DependencyInjectionTestExecutionListener, org.springframework.test.context.support.DirtiesContextTestExecutionListener, org.springframework.test.context.transaction.TransactionalTestExecutionListener, org.springframework.test.context.jdbc.SqlScriptsTestExecutionListener, org.springframework.test.context.event.EventPublishingTestExecutionListener]
2026-08-07 07:27:25,653 [INFO ] [main] org.springframework.test.context.support.DefaultTestContextBootstrapper - Using TestExecutionListeners: [org.springframework.test.context.web.ServletTestExecutionListener@5ac30b75, org.springframework.test.context.support.DirtiesContextBeforeModesTestExecutionListener@14cc127b, org.springframework.test.context.event.ApplicationEventsTestExecutionListener@10da7696, org.springframework.test.context.support.DependencyInjectionTestExecutionListener@43072e3a, org.springframework.test.context.support.DirtiesContextTestExecutionListener@15d0d8c, org.springframework.test.context.transaction.TransactionalTestExecutionListener@75f69816, org.springframework.test.context.jdbc.SqlScriptsTestExecutionListener@36db2ef8, org.springframework.test.context.event.EventPublishingTestExecutionListener@4c57b0e7]
2026-08-07 07:27:25,789 [WARN ] [main] com.armedia.acm.objectdiff.service.AcmDiffService - Object [com.armedia.acm.plugins.addressable.model.PostalAddress@67d325ab] is not AcmObject
2026-08-07 07:27:25,831 [WARN ] [main] com.armedia.acm.objectdiff.service.AcmDiffService - Object [com.armedia.acm.plugins.addressable.model.PostalAddress@67d325ab] is not AcmObject
]]></system-out>
  </testcase>
  <testcase name="compareTest" classname="com.armedia.acm.plugins.person.service.PersonDiffTest" time="0.016">
    <system-out><![CDATA[2026-08-07 07:27:25,843 [WARN ] [main] com.armedia.acm.objectdiff.service.AcmDiffService - Object [com.armedia.acm.plugins.addressable.model.PostalAddress@6e5877fa] is not AcmObject
2026-08-07 07:27:25,843 [WARN ] [main] com.armedia.acm.objectdiff.service.AcmDiffService - Object [com.armedia.acm.plugins.addressable.model.PostalAddress@6e5877fa] is not AcmObject
]]></system-out>
  </testcase>
</testsuite>
