<?xml version="1.0" encoding="UTF-8"?>
<testsuite xmlns:xsi="http://www.w3.org/2001/XMLSchema-instance" xsi:noNamespaceSchemaLocation="https://maven.apache.org/surefire/maven-surefire-plugin/xsd/surefire-test-report.xsd" version="3.0.2" name="com.armedia.acm.plugins.person.web.api.DeletePersonByIdAPIControllerTest" time="0.071" tests="2" errors="0" skipped="0" failures="0">
  <properties>
    <property name="java.specification.version" value="17"/>
    <property name="java.vm.vendor" value="Ubuntu"/>
    <property name="sun.arch.data.model" value="64"/>
    <property name="os.name" value="Linux"/>
    <property name="jdk.debug" value="release"/>
    <property name="java.runtime.version" value="17.0.19+10-1-25.10.2-Ubuntu"/>
    <property name="os.version" value="6.12.85+"/>
    <property name="java.runtime.name" value="OpenJDK Runtime Environment"/>
    <property name="file.encoding" value="UTF-8"/>
    <property name="java.vm.name" value="OpenJDK 64-Bit Server VM"/>
    <property name="java.version" value="17.0.19"/>
    <property name="os.arch" value="amd64"/>
    <property name="java.vm.info" value="mixed mode, sharing"/>
    <property name="java.vendor" value="Ubuntu"/>
    <property name="java.vm.version" value="17.0.19+10-1-25.10.2-Ubuntu"/>
    <property name="java.class.version" value="61.0"/>
  </properties>
  <testcase name="deletePersonById" classname="com.armedia.acm.plugins.person.web.api.DeletePersonByIdAPIControllerTest" time="0.053">
    <system-out><![CDATA[2026-08-08 11:48:04,824 [INFO ] [main] org.springframework.test.context.support.DefaultTestContextBootstrapper - Loaded default TestExecutionListener class names from location [META-INF/spring.factories]: [org.springframework.test.context.web.ServletTestExecutionListener, org.springframework.test.context.support.DirtiesContextBeforeModesTestExecutionListener, org.springframework.test.context.event.ApplicationEventsTestExecutionListener, org.springframework.test.context.support.DependencyInjectionTestExecutionListener, org.springframework.test.context.support.DirtiesContextTestExecutionListener, org.springframework.test.context.transaction.TransactionalTestExecutionListener, org.springframework.test.context.jdbc.SqlScriptsTestExecutionListener, org.springframework.test.context.event.EventPublishingTestExecutionListener]
2026-08-08 11:48:04,824 [INFO ] [main] org.springframework.test.context.support.DefaultTestContextBootstrapper - Using TestExecutionListeners: [org.springframework.test.context.web.ServletTestExecutionListener@591ad4b3, org.springframework.test.context.support.DirtiesContextBeforeModesTestExecutionListener@70bfc7d5, org.springframework.test.context.event.ApplicationEventsTestExecutionListener@2ea6687b, org.springframework.test.context.support.DependencyInjectionTestExecutionListener@5fdd9b96, org.springframework.test.context.support.DirtiesContextTestExecutionListener@50ed6392, org.springframework.test.context.transaction.TransactionalTestExecutionListener@5ee29735, org.springframework.test.context.jdbc.SqlScriptsTestExecutionListener@431ac922, org.springframework.test.context.event.EventPublishingTestExecutionListener@70a8ebfc]
2026-08-08 11:48:04,878 [INFO ] [main] org.springframework.mock.web.MockServletContext - Initializing Spring TestDispatcherServlet ''
2026-08-08 11:48:04,878 [INFO ] [main] org.springframework.test.web.servlet.TestDispatcherServlet - Initializing Servlet ''
2026-08-08 11:48:04,878 [INFO ] [main] org.springframework.test.web.servlet.TestDispatcherServlet - Completed initialization in 0 ms
2026-08-08 11:48:04,881 [INFO ] [main] com.armedia.acm.plugins.person.web.api.DeletePersonByPersonIdAPIController - Finding person by id:'958'
]]></system-out>
  </testcase>
  <testcase name="deletePersonById_notFound" classname="com.armedia.acm.plugins.person.web.api.DeletePersonByIdAPIControllerTest" time="0.017">
    <system-out><![CDATA[2026-08-08 11:48:04,897 [INFO ] [main] org.springframework.mock.web.MockServletContext - Initializing Spring TestDispatcherServlet ''
2026-08-08 11:48:04,897 [INFO ] [main] org.springframework.test.web.servlet.TestDispatcherServlet - Initializing Servlet ''
2026-08-08 11:48:04,897 [INFO ] [main] org.springframework.test.web.servlet.TestDispatcherServlet - Completed initialization in 0 ms
2026-08-08 11:48:04,898 [INFO ] [main] com.armedia.acm.plugins.person.web.api.DeletePersonByPersonIdAPIController - Finding person by id:'958'
]]></system-out>
  </testcase>
</testsuite>
