<?xml version="1.0" encoding="UTF-8"?>
<!--
  ArkCase runtime migration - archived baseline unit-test evidence.
  Module: acm-case-file-plugin
  Base commit: c8f6226105c28c2743281d26bf21ad73f7bb7f26
  Intended capture runtime: JDK 8
  PROVENANCE: derived from test source; NOT produced by a test run. See properties below.
-->
<testsuite name="com.armedia.acm.plugins.casefile.service.CaseFileAccessControlRulesTest"
           tests="2" failures="0" errors="0" skipped="2">
  <properties>
    <property name="evidence.provenance" value="derived-from-test-source"/>
    <property name="evidence.module" value="acm-case-file-plugin"/>
    <property name="evidence.baseCommit" value="c8f6226105c28c2743281d26bf21ad73f7bb7f26"/>
    <property name="evidence.intendedRuntime" value="JDK 8"/>
    <property name="evidence.testsExecuted" value="false"/>
    <property name="evidence.captureBlocker" value="no JDK 8 runtime is available in this environment - the only JDK installed is 17 - and the checked-out tree already carries the migration commits rather than the base commit, so the intended capture runtime cannot be started; installing a runtime is prohibited"/>
    <property name="evidence.methodSource" value="@Test annotations read from acm-plugins/acm-default-plugins/acm-case-file-plugin/src/test/java/com/armedia/acm/plugins/casefile/service/CaseFileAccessControlRulesTest.java"/>
    <property name="evidence.omittedAttributes" value="time, hostname, timestamp and the system-property dump are omitted because no run produced them"/>
  </properties>
  <testcase name="restricted" classname="com.armedia.acm.plugins.casefile.service.CaseFileAccessControlRulesTest">
    <skipped message="NOT EXECUTED: no JDK 8 runtime is available in this environment, so this method was never run. This is not an @Ignore - the class declares none. The outcome is unknown; neither a pass nor a failure is asserted."/>
  </testcase>
  <testcase name="unrestricted" classname="com.armedia.acm.plugins.casefile.service.CaseFileAccessControlRulesTest">
    <skipped message="NOT EXECUTED: no JDK 8 runtime is available in this environment, so this method was never run. This is not an @Ignore - the class declares none. The outcome is unknown; neither a pass nor a failure is asserted."/>
  </testcase>
</testsuite>
