<?xml version="1.0" encoding="UTF-8"?>
<testsuite xmlns:xsi="http://www.w3.org/2001/XMLSchema-instance" xsi:noNamespaceSchemaLocation="https://maven.apache.org/surefire/maven-surefire-plugin/xsd/surefire-test-report.xsd" version="3.0.2" name="com.armedia.acm.services.email.AcmObjectPatternMailFilterTest" time="1.769" tests="2" errors="0" skipped="0" failures="0">
  <properties>
    <property name="java.specification.version" value="17"/>
    <property name="java.vm.vendor" value="Ubuntu"/>
    <property name="sun.arch.data.model" value="64"/>
    <property name="os.name" value="Linux"/>
    <property name="jdk.debug" value="release"/>
    <property name="java.runtime.version" value="17.0.19+10-1-25.10.2-Ubuntu"/>
    <property name="os.version" value="6.12.85+"/>
    <property name="java.runtime.name" value="OpenJDK Runtime Environment"/>
    <property name="file.encoding" value="UTF-8"/>
    <property name="java.vm.name" value="OpenJDK 64-Bit Server VM"/>
    <property name="java.version" value="17.0.19"/>
    <property name="os.arch" value="amd64"/>
    <property name="java.vm.info" value="mixed mode, sharing"/>
    <property name="java.vendor" value="Ubuntu"/>
    <property name="java.vm.version" value="17.0.19+10-1-25.10.2-Ubuntu"/>
    <property name="java.class.version" value="61.0"/>
  </properties>
  <testcase name="acceptNoMatch" classname="com.armedia.acm.services.email.AcmObjectPatternMailFilterTest" time="1.682">
    <system-out><![CDATA[2026-08-08 11:47:10,777 main DEBUG Apache Log4j Core 2.17.1 initializing configuration XmlConfiguration[location={REACTOR-ROOT}/acm-services/acm-service-email/target/test-classes/log4j2.xml]
2026-08-08 11:47:10,797 main DEBUG Installed 4 script engines
2026-08-08 11:47:10,855 main DEBUG BeanShell Engine version: 1.0, language: BeanShell, threading: MULTITHREADED, compile: true, names: [beanshell, bsh, java], factory class: bsh.engine.BshScriptEngineFactory
2026-08-08 11:47:10,878 main DEBUG Groovy Scripting Engine version: 2.0, language: Groovy, threading: MULTITHREADED, compile: true, names: [groovy, Groovy], factory class: org.codehaus.groovy.jsr223.GroovyScriptEngineFactory
2026-08-08 11:47:10,878 main DEBUG MVEL (MVFLEX Expression Language) version: 2.3, language: mvel, threading: THREAD-ISOLATED, compile: true, names: [mvel], factory class: org.mvel2.jsr223.MvelScriptEngineFactory
2026-08-08 11:47:10,906 main DEBUG juel version: 1.0, language: JSP 2.1 EL, threading: MULTITHREADED, compile: true, names: [juel], factory class: org.activiti.engine.impl.scripting.JuelScriptEngineFactory
2026-08-08 11:47:10,906 main DEBUG PluginManager 'Core' found 128 plugins
2026-08-08 11:47:10,907 main DEBUG PluginManager 'Level' found 0 plugins
2026-08-08 11:47:10,911 main DEBUG PluginManager 'Lookup' found 17 plugins
2026-08-08 11:47:10,931 main DEBUG Building Plugin[name=layout, class=org.apache.logging.log4j.core.layout.PatternLayout].
2026-08-08 11:47:10,940 main DEBUG PluginManager 'TypeConverter' found 26 plugins
2026-08-08 11:47:10,952 main DEBUG PatternLayout$Builder(pattern="%highlight{%d{yyyy-MM-dd HH:mm:ss,SSS} [%-5p] [%t] %c - %m%n}", PatternSelector=null, Configuration({REACTOR-ROOT}/acm-services/acm-service-email/target/test-classes/log4j2.xml), Replace=null, charset="null", alwaysWriteExceptions="null", disableAnsi="null", noConsoleNoAnsi="null", header="null", footer="null", )
2026-08-08 11:47:10,953 main DEBUG PluginManager 'Converter' found 49 plugins
2026-08-08 11:47:10,973 main DEBUG Building Plugin[name=appender, class=org.apache.logging.log4j.core.appender.ConsoleAppender].
2026-08-08 11:47:10,980 main DEBUG ConsoleAppender$Builder(target="SYSTEM_OUT", follow="null", direct="null", , bufferedIo="null", bufferSize="null", immediateFlush="null", , ignoreExceptions="null", PatternLayout(%highlight{%d{yyyy-MM-dd HH:mm:ss,SSS} [%-5p] [%t] %c - %m%n}), name="Console", Configuration({REACTOR-ROOT}/acm-services/acm-service-email/target/test-classes/log4j2.xml), , Filter=null, ={}, )
2026-08-08 11:47:10,983 main DEBUG Starting OutputStreamManager SYSTEM_OUT.false.false
2026-08-08 11:47:10,983 main DEBUG Building Plugin[name=appenders, class=org.apache.logging.log4j.core.config.AppendersPlugin].
2026-08-08 11:47:10,984 main DEBUG createAppenders(={Console})
2026-08-08 11:47:10,985 main DEBUG Building Plugin[name=AppenderRef, class=org.apache.logging.log4j.core.config.AppenderRef].
2026-08-08 11:47:10,987 main DEBUG createAppenderRef(ref="Console", level="DEBUG", Filter=null)
2026-08-08 11:47:10,988 main DEBUG Building Plugin[name=logger, class=org.apache.logging.log4j.core.config.LoggerConfig].
2026-08-08 11:47:10,989 main DEBUG createLogger(additivity="false", level="DEBUG", name="com.armedia", includeLocation="null", ={Console}, ={}, Configuration({REACTOR-ROOT}/acm-services/acm-service-email/target/test-classes/log4j2.xml), Filter=null)
2026-08-08 11:47:10,991 main DEBUG Building Plugin[name=AppenderRef, class=org.apache.logging.log4j.core.config.AppenderRef].
2026-08-08 11:47:10,991 main DEBUG createAppenderRef(ref="Console", level="INFO", Filter=null)
2026-08-08 11:47:10,992 main DEBUG Building Plugin[name=root, class=org.apache.logging.log4j.core.config.LoggerConfig$RootLogger].
2026-08-08 11:47:10,992 main DEBUG createLogger(additivity="false", level="INFO", includeLocation="null", ={Console}, ={}, Configuration({REACTOR-ROOT}/acm-services/acm-service-email/target/test-classes/log4j2.xml), Filter=null)
2026-08-08 11:47:10,993 main DEBUG Building Plugin[name=loggers, class=org.apache.logging.log4j.core.config.LoggersPlugin].
2026-08-08 11:47:10,994 main DEBUG createLoggers(={com.armedia, root})
2026-08-08 11:47:10,995 main DEBUG Configuration XmlConfiguration[location={REACTOR-ROOT}/acm-services/acm-service-email/target/test-classes/log4j2.xml] initialized
2026-08-08 11:47:10,995 main DEBUG Starting configuration XmlConfiguration[location={REACTOR-ROOT}/acm-services/acm-service-email/target/test-classes/log4j2.xml]
2026-08-08 11:47:10,995 main DEBUG Started configuration XmlConfiguration[location={REACTOR-ROOT}/acm-services/acm-service-email/target/test-classes/log4j2.xml] OK.
2026-08-08 11:47:10,996 main DEBUG Shutting down OutputStreamManager SYSTEM_OUT.false.false-1
2026-08-08 11:47:10,996 main DEBUG OutputStream closed
2026-08-08 11:47:10,996 main DEBUG Shut down OutputStreamManager SYSTEM_OUT.false.false-1, all resources released: true
2026-08-08 11:47:10,996 main DEBUG Appender DefaultConsole-1 stopped with status true
2026-08-08 11:47:10,997 main DEBUG Stopped org.apache.logging.log4j.core.config.DefaultConfiguration@51bddd98 OK
2026-08-08 11:47:11,048 main DEBUG Registering MBean org.apache.logging.log4j2:type=1dbd16a6
2026-08-08 11:47:11,051 main DEBUG Registering MBean org.apache.logging.log4j2:type=1dbd16a6,component=StatusLogger
2026-08-08 11:47:11,052 main DEBUG Registering MBean org.apache.logging.log4j2:type=1dbd16a6,component=ContextSelector
2026-08-08 11:47:11,054 main DEBUG Registering MBean org.apache.logging.log4j2:type=1dbd16a6,component=Loggers,name=com.armedia
2026-08-08 11:47:11,054 main DEBUG Registering MBean org.apache.logging.log4j2:type=1dbd16a6,component=Loggers,name=
2026-08-08 11:47:11,055 main DEBUG Registering MBean org.apache.logging.log4j2:type=1dbd16a6,component=Appenders,name=Console
2026-08-08 11:47:11,060 main DEBUG org.apache.logging.log4j.core.util.SystemClock supports precise timestamps.
2026-08-08 11:47:11,060 main DEBUG Reconfiguration complete for context[name=1dbd16a6] at URI {REACTOR-ROOT}/acm-services/acm-service-email/target/test-classes/log4j2.xml (org.apache.logging.log4j.core.LoggerContext@61d6c8c4) with optional ClassLoader: null
2026-08-08 11:47:11,061 main DEBUG Shutdown hook enabled. Registering a new one.
2026-08-08 11:47:11,061 main DEBUG LoggerContext[name=1dbd16a6, org.apache.logging.log4j.core.LoggerContext@61d6c8c4] started OK.
&amp#27;[36m2026-08-08 11:47:11,075 [DEBUG] [main] com.armedia.acm.services.email.filter.AcmObjectPatternMailFilter - Message with subject 'Invitation to happy hour tonight' matches required pattern: 'false'
&amp#27;[m2026-08-08 11:47:11,080 main DEBUG AsyncLogger.ThreadNameStrategy=UNCACHED (user specified null, default is UNCACHED)
2026-08-08 11:47:11,081 main DEBUG org.apache.logging.log4j.core.util.SystemClock supports precise timestamps.
]]></system-out>
  </testcase>
  <testcase name="acceptMatch" classname="com.armedia.acm.services.email.AcmObjectPatternMailFilterTest" time="0.0">
    <system-out><![CDATA[&amp#27;[36m2026-08-08 11:47:11,084 [DEBUG] [main] com.armedia.acm.services.email.filter.AcmObjectPatternMailFilter - Message with subject 'Case 20150511_123123 some random text here and numbers 123123' matches required pattern: 'true'
&amp#27;[m]]></system-out>
  </testcase>
</testsuite>
