<?xml version="1.0" encoding="UTF-8"?>
<testsuite xmlns:xsi="http://www.w3.org/2001/XMLSchema-instance" xsi:noNamespaceSchemaLocation="https://maven.apache.org/surefire/maven-surefire-plugin/xsd/surefire-test-report.xsd" version="3.0.2" name="com.armedia.acm.plugins.casefile.service.MergeCaseServiceImplTest" time="0.168" tests="1" errors="0" skipped="0" failures="0">
  <properties>
    <property name="java.specification.version" value="17"/>
    <property name="java.vm.vendor" value="Ubuntu"/>
    <property name="sun.arch.data.model" value="64"/>
    <property name="os.name" value="Linux"/>
    <property name="jdk.debug" value="release"/>
    <property name="java.runtime.version" value="17.0.19+10-1-25.10.2-Ubuntu"/>
    <property name="os.version" value="6.12.85+"/>
    <property name="java.runtime.name" value="OpenJDK Runtime Environment"/>
    <property name="file.encoding" value="UTF-8"/>
    <property name="java.vm.name" value="OpenJDK 64-Bit Server VM"/>
    <property name="java.version" value="17.0.19"/>
    <property name="os.arch" value="amd64"/>
    <property name="java.vm.info" value="mixed mode, sharing"/>
    <property name="java.vendor" value="Ubuntu"/>
    <property name="java.vm.version" value="17.0.19+10-1-25.10.2-Ubuntu"/>
    <property name="java.class.version" value="61.0"/>
  </properties>
  <testcase name="testMergeCases" classname="com.armedia.acm.plugins.casefile.service.MergeCaseServiceImplTest" time="0.142">
    <system-out><![CDATA[2026-08-07 07:28:39,399 [INFO ] [main] org.springframework.test.context.support.DefaultTestContextBootstrapper - Loaded default TestExecutionListener class names from location [META-INF/spring.factories]: [org.springframework.test.context.web.ServletTestExecutionListener, org.springframework.test.context.support.DirtiesContextBeforeModesTestExecutionListener, org.springframework.test.context.event.ApplicationEventsTestExecutionListener, org.springframework.test.context.support.DependencyInjectionTestExecutionListener, org.springframework.test.context.support.DirtiesContextTestExecutionListener, org.springframework.test.context.transaction.TransactionalTestExecutionListener, org.springframework.test.context.jdbc.SqlScriptsTestExecutionListener, org.springframework.test.context.event.EventPublishingTestExecutionListener]
2026-08-07 07:28:39,400 [INFO ] [main] org.springframework.test.context.support.DefaultTestContextBootstrapper - Using TestExecutionListeners: [org.springframework.test.context.web.ServletTestExecutionListener@19cce6b9, org.springframework.test.context.support.DirtiesContextBeforeModesTestExecutionListener@125d6527, org.springframework.test.context.event.ApplicationEventsTestExecutionListener@4b4e83a4, org.springframework.test.context.support.DependencyInjectionTestExecutionListener@1e5ab63d, org.springframework.test.context.support.DirtiesContextTestExecutionListener@60dd6261, org.springframework.test.context.transaction.TransactionalTestExecutionListener@19504700, org.springframework.test.context.jdbc.SqlScriptsTestExecutionListener@26bca42d, org.springframework.test.context.event.EventPublishingTestExecutionListener@6d9c1599]
2026-08-07 07:28:39,563 [INFO ] [main] com.armedia.acm.plugins.casefile.service.MergeCaseServiceImpl - Going to merge 55435345435_2133 into 123123123213_123213
2026-08-07 07:28:39,564 [INFO ] [main] com.armedia.acm.plugins.casefile.service.MergeCaseServiceImpl - moved 1 documents  from container id=null to container id=null
]]></system-out>
  </testcase>
</testsuite>
