<?xml version="1.0" encoding="UTF-8"?>
<testsuite xmlns:xsi="http://www.w3.org/2001/XMLSchema-instance" xsi:noNamespaceSchemaLocation="https://maven.apache.org/surefire/maven-surefire-plugin/xsd/surefire-test-report.xsd" version="3.0.2" name="com.armedia.acm.services.web.api.CreateTranscribeAPIControllerTest" time="3.647" tests="2" errors="0" skipped="0" failures="0">
  <properties>
    <property name="java.specification.version" value="17"/>
    <property name="java.vm.vendor" value="Ubuntu"/>
    <property name="sun.arch.data.model" value="64"/>
    <property name="os.name" value="Linux"/>
    <property name="jdk.debug" value="release"/>
    <property name="java.runtime.version" value="17.0.19+10-1-25.10.2-Ubuntu"/>
    <property name="os.version" value="6.12.85+"/>
    <property name="java.runtime.name" value="OpenJDK Runtime Environment"/>
    <property name="file.encoding" value="UTF-8"/>
    <property name="java.vm.name" value="OpenJDK 64-Bit Server VM"/>
    <property name="java.version" value="17.0.19"/>
    <property name="os.arch" value="amd64"/>
    <property name="java.vm.info" value="mixed mode, sharing"/>
    <property name="java.vendor" value="Ubuntu"/>
    <property name="java.vm.version" value="17.0.19+10-1-25.10.2-Ubuntu"/>
    <property name="java.class.version" value="61.0"/>
  </properties>
  <testcase name="createAutomatic" classname="com.armedia.acm.services.web.api.CreateTranscribeAPIControllerTest" time="2.796">
    <system-out><![CDATA[2026-08-08 11:48:18,885 [INFO ] [main] org.springframework.mock.web.MockServletContext - Initializing Spring TestDispatcherServlet ''
2026-08-08 11:48:18,892 [INFO ] [main] org.springframework.test.web.servlet.TestDispatcherServlet - Initializing Servlet ''
2026-08-08 11:48:18,896 [INFO ] [main] org.springframework.test.web.servlet.TestDispatcherServlet - Completed initialization in 3 ms
2026-08-08 11:48:19,169 [INFO ] [main] com.armedia.acm.services.web.api.CreateTranscribeAPIControllerTest - Results: {"@id":"1","id":101,"remoteId":"remoteId","type":"AUTOMATIC","language":"language","status":"status","processId":"processId","creator":null,"created":null,"modifier":null,"modified":null,"mediaEcmFileVersion":{"@id":"2","id":102,"created":null,"creator":null,"modified":null,"modifier":null,"cmisObjectId":null,"versionTag":null,"versionMimeType":null,"searchablePDF":false,"versionFileNameExtension":null,"gpsIso6709":null,"gpsLatitudeDegrees":null,"gpsLongitudeDegrees":null,"gpsReadable":null,"mediaCreated":null,"heightPixels":null,"widthPixels":null,"deviceMake":null,"deviceModel":null,"durationSeconds":null,"fileSizeBytes":null,"className":"com.armedia.acm.plugins.ecm.model.EcmFileVersion","fileHash":null,"validFile":true},"className":"com.armedia.acm.services.transcribe.model.Transcribe","transcribeItems":null,"transcribeEcmFile":null,"wordCount":0,"confidence":0,"objectType":"TRANSCRIBE"}
]]></system-out>
    <system-err><![CDATA[Aug 08, 2026 11:48:18 AM org.hibernate.validator.internal.util.Version <clinit>
INFO: HV000001: Hibernate Validator 5.1.1.Final
]]></system-err>
  </testcase>
  <testcase name="createAutomatic_Exception" classname="com.armedia.acm.services.web.api.CreateTranscribeAPIControllerTest" time="0.028">
    <system-out><![CDATA[2026-08-08 11:48:19,296 [INFO ] [main] org.springframework.mock.web.MockServletContext - Initializing Spring TestDispatcherServlet ''
2026-08-08 11:48:19,297 [INFO ] [main] org.springframework.test.web.servlet.TestDispatcherServlet - Initializing Servlet ''
2026-08-08 11:48:19,297 [INFO ] [main] org.springframework.test.web.servlet.TestDispatcherServlet - Completed initialization in 0 ms
]]></system-out>
  </testcase>
</testsuite>
