<?xml version="1.0" encoding="UTF-8"?>
<!--
  Native Surefire report, migrated run, Java 17, module acm-service-search.

  CAPTURED FROM A RUN, NOT DERIVED FROM SOURCE. Produced by the migrated tree itself - the change set
  applied on top of base commit c8f6226105c28c2743281d26bf21ad73f7bb7f26 - on OpenJDK 17.0.19 with
  Maven 3.8.7, every module compiled from this source tree in one reactor session rather than resolved
  from a prebuilt repository:

    mvn -B clean install -DskipTests    (BUILD SUCCESS, 142 of 142 modules, deployable WAR assembled)
    mvn -B -fae test                    (every module reached; no module short-circuited the run)

  The failure-ignore and coverage-halt flags were the only additions to the second command, and they
  change no test outcome - they only stop the reactor halting at the first red module, which is what
  allows archiving every module's reports in one pass.

  Everything below is the runner's own output: the suite counts, the per-test durations, the testcase
  order, and every failure, error and skipped element with its message, type and full stack trace. No
  outcome is added, removed or reshaped, and in particular no observed failure or error is rewritten
  into a passing shape: where this file declares zero failures and zero errors, the run reported zero.

  Two normalisations, applied uniformly across this archive and disclosed here rather than left to be
  discovered. The system property dump the reporter writes inside the properties element is emptied - it
  carries the whole JVM environment and this tree's absolute paths, neither of which is evidence about
  the code. And where captured console output prints this checkout's absolute root, that prefix alone is
  rewritten to the reactor.root placeholder, leaving the meaningful relative remainder intact. After
  both, no absolute path of this machine survives anywhere in this archive.

  Coverage instrumentation was live for this run, which the archive states rather than assumes: all 66
  modules that executed tests wrote a non-empty coverage data file, and the coverage check goal reported
  the bundle it analysed in each case. An empty data set that yields a passing check would be a gate
  failure regardless of exit status.

  Read against the twin report of the same name under the sibling baseline directory, which carries the
  JDK 8 capture of the same suite. Compare on testcase presence, testcase outcome and failure message
  content - never on byte identity, since duration, host name and run instant legitimately vary between
  two runs of the same suite.
-->
<testsuite xmlns:xsi="http://www.w3.org/2001/XMLSchema-instance" xsi:noNamespaceSchemaLocation="https://maven.apache.org/surefire/maven-surefire-plugin/xsd/surefire-test-report.xsd" version="3.0.2" name="com.armedia.acm.services.search.web.api.SearchUsersAPIControllerTest" time="0.103" tests="5" errors="0" skipped="0" failures="0">
  <properties/>
  <testcase name="search_exclude_noKeyword" classname="com.armedia.acm.services.search.web.api.SearchUsersAPIControllerTest" time="0.013">
    <system-out><![CDATA[&amp#27;[32m2026-08-03 09:30:52,418 [INFO ] [main] org.springframework.test.context.support.DefaultTestContextBootstrapper - Loaded default TestExecutionListener class names from location [META-INF/spring.factories]: [org.springframework.test.context.web.ServletTestExecutionListener, org.springframework.test.context.support.DirtiesContextBeforeModesTestExecutionListener, org.springframework.test.context.event.ApplicationEventsTestExecutionListener, org.springframework.test.context.support.DependencyInjectionTestExecutionListener, org.springframework.test.context.support.DirtiesContextTestExecutionListener, org.springframework.test.context.transaction.TransactionalTestExecutionListener, org.springframework.test.context.jdbc.SqlScriptsTestExecutionListener, org.springframework.test.context.event.EventPublishingTestExecutionListener]
&amp#27;[m&amp#27;[32m2026-08-03 09:30:52,418 [INFO ] [main] org.springframework.test.context.support.DefaultTestContextBootstrapper - Using TestExecutionListeners: [org.springframework.test.context.web.ServletTestExecutionListener@4111c517, org.springframework.test.context.support.DirtiesContextBeforeModesTestExecutionListener@1eed4367, org.springframework.test.context.event.ApplicationEventsTestExecutionListener@38321e6f, org.springframework.test.context.support.DependencyInjectionTestExecutionListener@52f3859a, org.springframework.test.context.support.DirtiesContextTestExecutionListener@1d05cbae, org.springframework.test.context.transaction.TransactionalTestExecutionListener@69075512, org.springframework.test.context.jdbc.SqlScriptsTestExecutionListener@41eeff3b, org.springframework.test.context.event.EventPublishingTestExecutionListener@fff7dc9]
&amp#27;[m&amp#27;[32m2026-08-03 09:30:52,429 [INFO ] [main] org.springframework.mock.web.MockServletContext - Initializing Spring TestDispatcherServlet ''
&amp#27;[m&amp#27;[32m2026-08-03 09:30:52,430 [INFO ] [main] org.springframework.test.web.servlet.TestDispatcherServlet - Initializing Servlet ''
&amp#27;[m&amp#27;[32m2026-08-03 09:30:52,430 [INFO ] [main] org.springframework.test.web.servlet.TestDispatcherServlet - Completed initialization in 0 ms
&amp#27;[m&amp#27;[36m2026-08-03 09:30:52,439 [DEBUG] [main] com.armedia.acm.services.search.web.api.SearchUsersAPIControllerTest - Got JSON: [{"response":{"owner":{"response":{"numFound":0,"start":0,"rows":10}},"numFound":0,"start":0,"rows":10}}]
&amp#27;[m]]></system-out>
  </testcase>
  <testcase name="search_noParams" classname="com.armedia.acm.services.search.web.api.SearchUsersAPIControllerTest" time="0.014">
    <system-out><![CDATA[&amp#27;[32m2026-08-03 09:30:52,451 [INFO ] [main] org.springframework.mock.web.MockServletContext - Initializing Spring TestDispatcherServlet ''
&amp#27;[m&amp#27;[32m2026-08-03 09:30:52,451 [INFO ] [main] org.springframework.test.web.servlet.TestDispatcherServlet - Initializing Servlet ''
&amp#27;[m&amp#27;[32m2026-08-03 09:30:52,451 [INFO ] [main] org.springframework.test.web.servlet.TestDispatcherServlet - Completed initialization in 0 ms
&amp#27;[m&amp#27;[36m2026-08-03 09:30:52,454 [DEBUG] [main] com.armedia.acm.services.search.web.api.SearchUsersAPIControllerTest - Got JSON: [{"response":{"numFound":0,"start":0,"rows":10}}]
&amp#27;[m]]></system-out>
  </testcase>
  <testcase name="search_userId" classname="com.armedia.acm.services.search.web.api.SearchUsersAPIControllerTest" time="0.041">
    <system-out><![CDATA[&amp#27;[32m2026-08-03 09:30:52,490 [INFO ] [main] org.springframework.mock.web.MockServletContext - Initializing Spring TestDispatcherServlet ''
&amp#27;[m&amp#27;[32m2026-08-03 09:30:52,491 [INFO ] [main] org.springframework.test.web.servlet.TestDispatcherServlet - Initializing Servlet ''
&amp#27;[m&amp#27;[32m2026-08-03 09:30:52,491 [INFO ] [main] org.springframework.test.web.servlet.TestDispatcherServlet - Completed initialization in 0 ms
&amp#27;[m&amp#27;[36m2026-08-03 09:30:52,495 [DEBUG] [main] com.armedia.acm.services.search.web.api.SearchUsersAPIControllerTest - Got JSON: [{"response":{"owner":{"response":{"numFound":0,"start":0,"rows":10}},"numFound":0,"start":0,"rows":10}}]
&amp#27;[m]]></system-out>
  </testcase>
  <testcase name="search_keywordNoExclude" classname="com.armedia.acm.services.search.web.api.SearchUsersAPIControllerTest" time="0.013">
    <system-out><![CDATA[&amp#27;[32m2026-08-03 09:30:52,504 [INFO ] [main] org.springframework.mock.web.MockServletContext - Initializing Spring TestDispatcherServlet ''
&amp#27;[m&amp#27;[32m2026-08-03 09:30:52,504 [INFO ] [main] org.springframework.test.web.servlet.TestDispatcherServlet - Initializing Servlet ''
&amp#27;[m&amp#27;[32m2026-08-03 09:30:52,505 [INFO ] [main] org.springframework.test.web.servlet.TestDispatcherServlet - Completed initialization in 1 ms
&amp#27;[m&amp#27;[36m2026-08-03 09:30:52,508 [DEBUG] [main] com.armedia.acm.services.search.web.api.SearchUsersAPIControllerTest - Got JSON: [{"response":{"numFound":0,"start":0,"rows":10}}]
&amp#27;[m]]></system-out>
  </testcase>
  <testcase name="search_exclude_keyword" classname="com.armedia.acm.services.search.web.api.SearchUsersAPIControllerTest" time="0.012">
    <system-out><![CDATA[&amp#27;[32m2026-08-03 09:30:52,524 [INFO ] [main] org.springframework.mock.web.MockServletContext - Initializing Spring TestDispatcherServlet ''
&amp#27;[m&amp#27;[32m2026-08-03 09:30:52,524 [INFO ] [main] org.springframework.test.web.servlet.TestDispatcherServlet - Initializing Servlet ''
&amp#27;[m&amp#27;[32m2026-08-03 09:30:52,524 [INFO ] [main] org.springframework.test.web.servlet.TestDispatcherServlet - Completed initialization in 0 ms
&amp#27;[m&amp#27;[36m2026-08-03 09:30:52,527 [DEBUG] [main] com.armedia.acm.services.search.web.api.SearchUsersAPIControllerTest - Got JSON: [{"response":{"owner":{"response":{"numFound":0,"start":0,"rows":10}},"numFound":0,"start":0,"rows":10}}]
&amp#27;[m]]></system-out>
  </testcase>
</testsuite>