<?xml version="1.0" encoding="UTF-8"?>
<testsuite xmlns:xsi="http://www.w3.org/2001/XMLSchema-instance" xsi:noNamespaceSchemaLocation="https://maven.apache.org/surefire/maven-surefire-plugin/xsd/surefire-test-report.xsd" version="3.0.2" name="com.armedia.acm.services.search.web.api.SearchUsersAPIControllerTest" time="0.064" tests="5" errors="0" skipped="0" failures="0">
  <properties>
    <property name="java.specification.version" value="17"/>
    <property name="java.vm.vendor" value="Ubuntu"/>
    <property name="sun.arch.data.model" value="64"/>
    <property name="os.name" value="Linux"/>
    <property name="jdk.debug" value="release"/>
    <property name="java.runtime.version" value="17.0.19+10-1-25.10.2-Ubuntu"/>
    <property name="os.version" value="6.12.85+"/>
    <property name="java.runtime.name" value="OpenJDK Runtime Environment"/>
    <property name="file.encoding" value="UTF-8"/>
    <property name="java.vm.name" value="OpenJDK 64-Bit Server VM"/>
    <property name="java.version" value="17.0.19"/>
    <property name="os.arch" value="amd64"/>
    <property name="java.vm.info" value="mixed mode, sharing"/>
    <property name="java.vendor" value="Ubuntu"/>
    <property name="java.vm.version" value="17.0.19+10-1-25.10.2-Ubuntu"/>
    <property name="java.class.version" value="61.0"/>
  </properties>
  <testcase name="search_exclude_noKeyword" classname="com.armedia.acm.services.search.web.api.SearchUsersAPIControllerTest" time="0.016">
    <system-out><![CDATA[&amp#27;[32m2026-08-03 15:26:27,886 [INFO ] [main] org.springframework.test.context.support.DefaultTestContextBootstrapper - Loaded default TestExecutionListener class names from location [META-INF/spring.factories]: [org.springframework.test.context.web.ServletTestExecutionListener, org.springframework.test.context.support.DirtiesContextBeforeModesTestExecutionListener, org.springframework.test.context.event.ApplicationEventsTestExecutionListener, org.springframework.test.context.support.DependencyInjectionTestExecutionListener, org.springframework.test.context.support.DirtiesContextTestExecutionListener, org.springframework.test.context.transaction.TransactionalTestExecutionListener, org.springframework.test.context.jdbc.SqlScriptsTestExecutionListener, org.springframework.test.context.event.EventPublishingTestExecutionListener]
&amp#27;[m&amp#27;[32m2026-08-03 15:26:27,886 [INFO ] [main] org.springframework.test.context.support.DefaultTestContextBootstrapper - Using TestExecutionListeners: [org.springframework.test.context.web.ServletTestExecutionListener@33c2a762, org.springframework.test.context.support.DirtiesContextBeforeModesTestExecutionListener@62110754, org.springframework.test.context.event.ApplicationEventsTestExecutionListener@4111c517, org.springframework.test.context.support.DependencyInjectionTestExecutionListener@1eed4367, org.springframework.test.context.support.DirtiesContextTestExecutionListener@38321e6f, org.springframework.test.context.transaction.TransactionalTestExecutionListener@52f3859a, org.springframework.test.context.jdbc.SqlScriptsTestExecutionListener@1d05cbae, org.springframework.test.context.event.EventPublishingTestExecutionListener@69075512]
&amp#27;[m&amp#27;[32m2026-08-03 15:26:27,896 [INFO ] [main] org.springframework.mock.web.MockServletContext - Initializing Spring TestDispatcherServlet ''
&amp#27;[m&amp#27;[32m2026-08-03 15:26:27,896 [INFO ] [main] org.springframework.test.web.servlet.TestDispatcherServlet - Initializing Servlet ''
&amp#27;[m&amp#27;[32m2026-08-03 15:26:27,896 [INFO ] [main] org.springframework.test.web.servlet.TestDispatcherServlet - Completed initialization in 0 ms
&amp#27;[m&amp#27;[36m2026-08-03 15:26:27,905 [DEBUG] [main] com.armedia.acm.services.search.web.api.SearchUsersAPIControllerTest - Got JSON: [{"response":{"owner":{"response":{"numFound":0,"start":0,"rows":10}},"numFound":0,"start":0,"rows":10}}]
&amp#27;[m]]></system-out>
  </testcase>
  <testcase name="search_noParams" classname="com.armedia.acm.services.search.web.api.SearchUsersAPIControllerTest" time="0.011">
    <system-out><![CDATA[&amp#27;[32m2026-08-03 15:26:27,914 [INFO ] [main] org.springframework.mock.web.MockServletContext - Initializing Spring TestDispatcherServlet ''
&amp#27;[m&amp#27;[32m2026-08-03 15:26:27,914 [INFO ] [main] org.springframework.test.web.servlet.TestDispatcherServlet - Initializing Servlet ''
&amp#27;[m&amp#27;[32m2026-08-03 15:26:27,914 [INFO ] [main] org.springframework.test.web.servlet.TestDispatcherServlet - Completed initialization in 0 ms
&amp#27;[m&amp#27;[36m2026-08-03 15:26:27,917 [DEBUG] [main] com.armedia.acm.services.search.web.api.SearchUsersAPIControllerTest - Got JSON: [{"response":{"numFound":0,"start":0,"rows":10}}]
&amp#27;[m]]></system-out>
  </testcase>
  <testcase name="search_userId" classname="com.armedia.acm.services.search.web.api.SearchUsersAPIControllerTest" time="0.012">
    <system-out><![CDATA[&amp#27;[32m2026-08-03 15:26:27,925 [INFO ] [main] org.springframework.mock.web.MockServletContext - Initializing Spring TestDispatcherServlet ''
&amp#27;[m&amp#27;[32m2026-08-03 15:26:27,925 [INFO ] [main] org.springframework.test.web.servlet.TestDispatcherServlet - Initializing Servlet ''
&amp#27;[m&amp#27;[32m2026-08-03 15:26:27,926 [INFO ] [main] org.springframework.test.web.servlet.TestDispatcherServlet - Completed initialization in 1 ms
&amp#27;[m&amp#27;[36m2026-08-03 15:26:27,929 [DEBUG] [main] com.armedia.acm.services.search.web.api.SearchUsersAPIControllerTest - Got JSON: [{"response":{"owner":{"response":{"numFound":0,"start":0,"rows":10}},"numFound":0,"start":0,"rows":10}}]
&amp#27;[m]]></system-out>
  </testcase>
  <testcase name="search_keywordNoExclude" classname="com.armedia.acm.services.search.web.api.SearchUsersAPIControllerTest" time="0.011">
    <system-out><![CDATA[&amp#27;[32m2026-08-03 15:26:27,937 [INFO ] [main] org.springframework.mock.web.MockServletContext - Initializing Spring TestDispatcherServlet ''
&amp#27;[m&amp#27;[32m2026-08-03 15:26:27,937 [INFO ] [main] org.springframework.test.web.servlet.TestDispatcherServlet - Initializing Servlet ''
&amp#27;[m&amp#27;[32m2026-08-03 15:26:27,937 [INFO ] [main] org.springframework.test.web.servlet.TestDispatcherServlet - Completed initialization in 0 ms
&amp#27;[m&amp#27;[36m2026-08-03 15:26:27,940 [DEBUG] [main] com.armedia.acm.services.search.web.api.SearchUsersAPIControllerTest - Got JSON: [{"response":{"numFound":0,"start":0,"rows":10}}]
&amp#27;[m]]></system-out>
  </testcase>
  <testcase name="search_exclude_keyword" classname="com.armedia.acm.services.search.web.api.SearchUsersAPIControllerTest" time="0.012">
    <system-out><![CDATA[&amp#27;[32m2026-08-03 15:26:27,949 [INFO ] [main] org.springframework.mock.web.MockServletContext - Initializing Spring TestDispatcherServlet ''
&amp#27;[m&amp#27;[32m2026-08-03 15:26:27,949 [INFO ] [main] org.springframework.test.web.servlet.TestDispatcherServlet - Initializing Servlet ''
&amp#27;[m&amp#27;[32m2026-08-03 15:26:27,949 [INFO ] [main] org.springframework.test.web.servlet.TestDispatcherServlet - Completed initialization in 0 ms
&amp#27;[m&amp#27;[36m2026-08-03 15:26:27,952 [DEBUG] [main] com.armedia.acm.services.search.web.api.SearchUsersAPIControllerTest - Got JSON: [{"response":{"owner":{"response":{"numFound":0,"start":0,"rows":10}},"numFound":0,"start":0,"rows":10}}]
&amp#27;[m]]></system-out>
  </testcase>
</testsuite>
