<?xml version="1.0" encoding="UTF-8"?>
<testsuite xmlns:xsi="http://www.w3.org/2001/XMLSchema-instance" xsi:noNamespaceSchemaLocation="https://maven.apache.org/surefire/maven-surefire-plugin/xsd/surefire-test-report.xsd" version="3.0.2" name="com.armedia.acm.plugins.ecm.service.impl.EcmFileParticipantServiceTest" time="0.162" tests="19" errors="0" skipped="0" failures="0">
  <properties>
    <property name="java.specification.version" value="17"/>
    <property name="java.vm.vendor" value="Ubuntu"/>
    <property name="sun.arch.data.model" value="64"/>
    <property name="os.name" value="Linux"/>
    <property name="jdk.debug" value="release"/>
    <property name="java.runtime.version" value="17.0.19+10-1-25.10.2-Ubuntu"/>
    <property name="os.version" value="6.12.85+"/>
    <property name="java.runtime.name" value="OpenJDK Runtime Environment"/>
    <property name="file.encoding" value="UTF-8"/>
    <property name="java.vm.name" value="OpenJDK 64-Bit Server VM"/>
    <property name="java.version" value="17.0.19"/>
    <property name="os.arch" value="amd64"/>
    <property name="java.vm.info" value="mixed mode, sharing"/>
    <property name="java.vendor" value="Ubuntu"/>
    <property name="java.vm.version" value="17.0.19+10-1-25.10.2-Ubuntu"/>
    <property name="java.class.version" value="61.0"/>
  </properties>
  <testcase name="testGetFolderParticipantsFromAssignedObjectThrowsIllegalStateExceptionWhenAnAssignedObjectParticipantTypeIsNotMapped" classname="com.armedia.acm.plugins.ecm.service.impl.EcmFileParticipantServiceTest" time="0.136"/>
  <testcase name="testGetFolderParticipantsFromAssignedObjectReturnsCorrectParticipants" classname="com.armedia.acm.plugins.ecm.service.impl.EcmFileParticipantServiceTest" time="0.001"/>
  <testcase name="testInheritParticipantsFromAssignedObject" classname="com.armedia.acm.plugins.ecm.service.impl.EcmFileParticipantServiceTest" time="0.012">
    <system-out><![CDATA[2026-08-03 15:27:24,965 [DEBUG] [main] com.armedia.acm.plugins.ecm.service.impl.EcmFileParticipantService - Setting participants for container [null]
]]></system-out>
  </testcase>
  <testcase name="testSetFolderParticipantsFromParentFolderRemovesExistingParticipantFromFolderAndChildren" classname="com.armedia.acm.plugins.ecm.service.impl.EcmFileParticipantServiceTest" time="0.002"/>
  <testcase name="testSetFolderParticipantsFromParentFolderAddsNotExistingParticipantToFolderAndChildren" classname="com.armedia.acm.plugins.ecm.service.impl.EcmFileParticipantServiceTest" time="0.001"/>
  <testcase name="testSetFolderParticipantsThrowsAcmParticipantsExceptionOnDuplicateParticipantsLdapIds" classname="com.armedia.acm.plugins.ecm.service.impl.EcmFileParticipantServiceTest" time="0.002"/>
  <testcase name="testSetFolderParticipantsFromParentFolderThrowsIllegalStateExceptionWhenFolderHasNoParentFolder" classname="com.armedia.acm.plugins.ecm.service.impl.EcmFileParticipantServiceTest" time="0.0"/>
  <testcase name="testGetFolderParticipantsFromAssignedObjectReturnsUniqueFileParticipant" classname="com.armedia.acm.plugins.ecm.service.impl.EcmFileParticipantServiceTest" time="0.001"/>
  <testcase name="testSetFolderParticipantsSetsParticipantsCorrectlyOnFolder" classname="com.armedia.acm.plugins.ecm.service.impl.EcmFileParticipantServiceTest" time="0.001"/>
  <testcase name="testSetFolderParticipantsThrowsAcmParticipantsExceptionOnNullParticipantLdapId" classname="com.armedia.acm.plugins.ecm.service.impl.EcmFileParticipantServiceTest" time="0.0"/>
  <testcase name="testSetFileParticipantsFromParentFolderRemovesExistingParticipant" classname="com.armedia.acm.plugins.ecm.service.impl.EcmFileParticipantServiceTest" time="0.001"/>
  <testcase name="testSetFileParticipantsFromParentFolderThrowsIllegalStateExceptionWhenFileHasNoFolder" classname="com.armedia.acm.plugins.ecm.service.impl.EcmFileParticipantServiceTest" time="0.0"/>
  <testcase name="testSetFileParticipantsSetsParticipantsCorrectlyOnFile" classname="com.armedia.acm.plugins.ecm.service.impl.EcmFileParticipantServiceTest" time="0.001"/>
  <testcase name="testSetFileParticipantsFromParentFolderAddsNotExistingParticipant" classname="com.armedia.acm.plugins.ecm.service.impl.EcmFileParticipantServiceTest" time="0.0"/>
  <testcase name="testSetFileParticipantsFromParentFolderUpdatesExistingParticipantRoleAddsNotExistingParticipantRemovesExistingParticipant" classname="com.armedia.acm.plugins.ecm.service.impl.EcmFileParticipantServiceTest" time="0.001"/>
  <testcase name="testSetFileParticipantsFromParentFolderUpdatesExistingParticipantRole" classname="com.armedia.acm.plugins.ecm.service.impl.EcmFileParticipantServiceTest" time="0.001"/>
  <testcase name="testSetFileParticipantsThrowsAcmParticipantsExceptionOnInvalidParticipantType" classname="com.armedia.acm.plugins.ecm.service.impl.EcmFileParticipantServiceTest" time="0.0"/>
  <testcase name="testSetFileParticipantsThrowsAcmParticipantsExceptionOnNullParticipantType" classname="com.armedia.acm.plugins.ecm.service.impl.EcmFileParticipantServiceTest" time="0.001"/>
  <testcase name="testSetFolderParticipantsFromParentFolderUpdatesExistingParticipantRoleToFolderAndChildren" classname="com.armedia.acm.plugins.ecm.service.impl.EcmFileParticipantServiceTest" time="0.0"/>
</testsuite>
