<?xml version="1.0" encoding="UTF-8"?>
<testsuite xmlns:xsi="http://www.w3.org/2001/XMLSchema-instance" xsi:noNamespaceSchemaLocation="https://maven.apache.org/surefire/maven-surefire-plugin/xsd/surefire-test-report.xsd" version="3.0.2" name="com.armedia.acm.plugins.ecm.model.EcmFileJsonSchemaValidTest" time="0.542" tests="8" errors="0" skipped="0" failures="0">
  <properties>
    <property name="java.specification.version" value="17"/>
    <property name="java.vm.vendor" value="Ubuntu"/>
    <property name="sun.arch.data.model" value="64"/>
    <property name="os.name" value="Linux"/>
    <property name="jdk.debug" value="release"/>
    <property name="java.runtime.version" value="17.0.19+10-1-25.10.2-Ubuntu"/>
    <property name="os.version" value="6.12.85+"/>
    <property name="java.runtime.name" value="OpenJDK Runtime Environment"/>
    <property name="file.encoding" value="UTF-8"/>
    <property name="java.vm.name" value="OpenJDK 64-Bit Server VM"/>
    <property name="java.version" value="17.0.19"/>
    <property name="os.arch" value="amd64"/>
    <property name="java.vm.info" value="mixed mode, sharing"/>
    <property name="java.vendor" value="Ubuntu"/>
    <property name="java.vm.version" value="17.0.19+10-1-25.10.2-Ubuntu"/>
    <property name="java.class.version" value="61.0"/>
  </properties>
  <testcase name="validateMoveCopyFileRequestSchema" classname="com.armedia.acm.plugins.ecm.model.EcmFileJsonSchemaValidTest" time="0.343">
    <system-out><![CDATA[2026-08-08 14:02:31,206 [DEBUG] [main] com.armedia.acm.plugins.ecm.model.EcmFileJsonSchemaValidTest - Schema Report: com.github.fge.jsonschema.core.report.ListProcessingReport: success

]]></system-out>
  </testcase>
  <testcase name="validateCopyFileDtoSchema" classname="com.armedia.acm.plugins.ecm.model.EcmFileJsonSchemaValidTest" time="0.176">
    <system-out><![CDATA[2026-08-08 14:02:31,383 [DEBUG] [main] com.armedia.acm.plugins.ecm.model.EcmFileJsonSchemaValidTest - Schema Report: com.github.fge.jsonschema.core.report.ListProcessingReport: success

]]></system-out>
  </testcase>
  <testcase name="validateCopyFolderDtoSchema" classname="com.armedia.acm.plugins.ecm.model.EcmFileJsonSchemaValidTest" time="0.004">
    <system-out><![CDATA[2026-08-08 14:02:31,386 [DEBUG] [main] com.armedia.acm.plugins.ecm.model.EcmFileJsonSchemaValidTest - Schema Report: com.github.fge.jsonschema.core.report.ListProcessingReport: success

]]></system-out>
  </testcase>
  <testcase name="deleteFileResultsSchema" classname="com.armedia.acm.plugins.ecm.model.EcmFileJsonSchemaValidTest" time="0.002">
    <system-out><![CDATA[2026-08-08 14:02:31,389 [DEBUG] [main] com.armedia.acm.plugins.ecm.model.EcmFileJsonSchemaValidTest - Schema Report: com.github.fge.jsonschema.core.report.ListProcessingReport: success

]]></system-out>
  </testcase>
  <testcase name="validateFolderSchema" classname="com.armedia.acm.plugins.ecm.model.EcmFileJsonSchemaValidTest" time="0.003">
    <system-out><![CDATA[2026-08-08 14:02:31,392 [DEBUG] [main] com.armedia.acm.plugins.ecm.model.EcmFileJsonSchemaValidTest - Schema Report: com.github.fge.jsonschema.core.report.ListProcessingReport: success

]]></system-out>
  </testcase>
  <testcase name="deleteFolderResultsSchema" classname="com.armedia.acm.plugins.ecm.model.EcmFileJsonSchemaValidTest" time="0.002">
    <system-out><![CDATA[2026-08-08 14:02:31,394 [DEBUG] [main] com.armedia.acm.plugins.ecm.model.EcmFileJsonSchemaValidTest - Schema Report: com.github.fge.jsonschema.core.report.ListProcessingReport: success

]]></system-out>
  </testcase>
  <testcase name="validateEcmFileSchema" classname="com.armedia.acm.plugins.ecm.model.EcmFileJsonSchemaValidTest" time="0.008">
    <system-out><![CDATA[2026-08-08 14:02:31,401 [DEBUG] [main] com.armedia.acm.plugins.ecm.model.EcmFileJsonSchemaValidTest - Schema Report: com.github.fge.jsonschema.core.report.ListProcessingReport: success

]]></system-out>
  </testcase>
  <testcase name="validateFolderListSchema" classname="com.armedia.acm.plugins.ecm.model.EcmFileJsonSchemaValidTest" time="0.003">
    <system-out><![CDATA[2026-08-08 14:02:31,405 [DEBUG] [main] com.armedia.acm.plugins.ecm.model.EcmFileJsonSchemaValidTest - Schema Report: com.github.fge.jsonschema.core.report.ListProcessingReport: success

]]></system-out>
  </testcase>
</testsuite>
