<?xml version="1.0" encoding="UTF-8"?>
<testsuite xmlns:xsi="http://www.w3.org/2001/XMLSchema-instance" xsi:noNamespaceSchemaLocation="https://maven.apache.org/surefire/maven-surefire-plugin/xsd/surefire-test-report.xsd" version="3.0.2" name="com.armedia.acm.services.users.dao.ldap.CustomPagedLdapDaoTest" time="0.212" tests="4" errors="0" skipped="0" failures="0">
  <properties>
    <property name="java.specification.version" value="17"/>
    <property name="java.vm.vendor" value="Ubuntu"/>
    <property name="sun.arch.data.model" value="64"/>
    <property name="os.name" value="Linux"/>
    <property name="jdk.debug" value="release"/>
    <property name="java.runtime.version" value="17.0.19+10-1-25.10.2-Ubuntu"/>
    <property name="os.version" value="6.12.85+"/>
    <property name="java.runtime.name" value="OpenJDK Runtime Environment"/>
    <property name="file.encoding" value="UTF-8"/>
    <property name="java.vm.name" value="OpenJDK 64-Bit Server VM"/>
    <property name="java.version" value="17.0.19"/>
    <property name="os.arch" value="amd64"/>
    <property name="java.vm.info" value="mixed mode, sharing"/>
    <property name="java.vendor" value="Ubuntu"/>
    <property name="java.vm.version" value="17.0.19+10-1-25.10.2-Ubuntu"/>
    <property name="java.class.version" value="61.0"/>
  </properties>
  <testcase name="findGroupsPaged_lastGroupFallsOnPageBoundary" classname="com.armedia.acm.services.users.dao.ldap.CustomPagedLdapDaoTest" time="0.193">
    <system-out><![CDATA[&amp#27;[36m2026-08-08 14:01:47,354 [DEBUG] [main] com.armedia.acm.services.users.dao.ldap.CustomPagedLdapDao - search filter: [groupSearchFilter]
&amp#27;[m&amp#27;[36m2026-08-08 14:01:47,354 [DEBUG] [main] com.armedia.acm.services.users.dao.ldap.CustomPagedLdapDao - Groups found: [3]
&amp#27;[m&amp#27;[36m2026-08-08 14:01:47,354 [DEBUG] [main] com.armedia.acm.services.users.dao.ldap.CustomPagedLdapDao - search filter: [groupSearchPageFilter eagles]
&amp#27;[m&amp#27;[36m2026-08-08 14:01:47,355 [DEBUG] [main] com.armedia.acm.services.users.dao.ldap.CustomPagedLdapDao - Groups found: [3]
&amp#27;[m&amp#27;[36m2026-08-08 14:01:47,355 [DEBUG] [main] com.armedia.acm.services.users.dao.ldap.CustomPagedLdapDao - search filter: [groupSearchPageFilter cream]
&amp#27;[m&amp#27;[36m2026-08-08 14:01:47,355 [DEBUG] [main] com.armedia.acm.services.users.dao.ldap.CustomPagedLdapDao - Groups found: [0]
&amp#27;[m&amp#27;[32m2026-08-08 14:01:47,355 [INFO ] [main] com.armedia.acm.services.users.dao.ldap.CustomPagedLdapDao - LDAP sync number of groups: [5]
&amp#27;[m]]></system-out>
  </testcase>
  <testcase name="findChangedGroupsPaged_searchFiltersTest" classname="com.armedia.acm.services.users.dao.ldap.CustomPagedLdapDaoTest" time="0.005">
    <system-out><![CDATA[&amp#27;[36m2026-08-08 14:01:47,360 [DEBUG] [main] com.armedia.acm.services.users.dao.ldap.CustomPagedLdapDao - search filter: [(&(objectclass=group)(modifyTimestamp>=20260807140147Z))]
&amp#27;[m&amp#27;[36m2026-08-08 14:01:47,361 [DEBUG] [main] com.armedia.acm.services.users.dao.ldap.CustomPagedLdapDao - Groups found: [3]
&amp#27;[m&amp#27;[36m2026-08-08 14:01:47,361 [DEBUG] [main] com.armedia.acm.services.users.dao.ldap.CustomPagedLdapDao - search filter: [(&(objectclass=group)(gidNumber>=eagles)(modifyTimestamp>=20260807140147Z))]
&amp#27;[m&amp#27;[36m2026-08-08 14:01:47,361 [DEBUG] [main] com.armedia.acm.services.users.dao.ldap.CustomPagedLdapDao - Groups found: [3]
&amp#27;[m&amp#27;[36m2026-08-08 14:01:47,361 [DEBUG] [main] com.armedia.acm.services.users.dao.ldap.CustomPagedLdapDao - search filter: [(&(objectclass=group)(gidNumber>=pink floyd)(modifyTimestamp>=20260807140147Z))]
&amp#27;[m&amp#27;[36m2026-08-08 14:01:47,361 [DEBUG] [main] com.armedia.acm.services.users.dao.ldap.CustomPagedLdapDao - Groups found: [0]
&amp#27;[m&amp#27;[32m2026-08-08 14:01:47,361 [INFO ] [main] com.armedia.acm.services.users.dao.ldap.CustomPagedLdapDao - LDAP sync number of groups: [5]
&amp#27;[m]]></system-out>
  </testcase>
  <testcase name="findUsersPaged_lastUserFallsOnPageBoundary" classname="com.armedia.acm.services.users.dao.ldap.CustomPagedLdapDaoTest" time="0.01">
    <system-out><![CDATA[&amp#27;[36m2026-08-08 14:01:47,369 [DEBUG] [main] com.armedia.acm.services.users.dao.ldap.CustomPagedLdapDao - Search filter: [allUsersFilter]
&amp#27;[m&amp#27;[36m2026-08-08 14:01:47,369 [DEBUG] [main] com.armedia.acm.services.users.dao.ldap.CustomPagedLdapDao - Users found: [3]. DNs: [dn: jgarcia
dn: bweir
dn: plesh]
&amp#27;[m&amp#27;[36m2026-08-08 14:01:47,370 [DEBUG] [main] com.armedia.acm.services.users.dao.ldap.CustomPagedLdapDao - Search filter now: [allUsersPageFilter plesh]
&amp#27;[m&amp#27;[36m2026-08-08 14:01:47,370 [DEBUG] [main] com.armedia.acm.services.users.dao.ldap.CustomPagedLdapDao - Search filter: [allUsersPageFilter plesh]
&amp#27;[m&amp#27;[36m2026-08-08 14:01:47,370 [DEBUG] [main] com.armedia.acm.services.users.dao.ldap.CustomPagedLdapDao - Users found: [3]. DNs: [dn: plesh
dn: bkreutzmann
dn: rmckernan]
&amp#27;[m&amp#27;[36m2026-08-08 14:01:47,370 [DEBUG] [main] com.armedia.acm.services.users.dao.ldap.CustomPagedLdapDao - Search filter now: [allUsersPageFilter rmckernan]
&amp#27;[m&amp#27;[36m2026-08-08 14:01:47,370 [DEBUG] [main] com.armedia.acm.services.users.dao.ldap.CustomPagedLdapDao - Search filter: [allUsersPageFilter rmckernan]
&amp#27;[m&amp#27;[36m2026-08-08 14:01:47,370 [DEBUG] [main] com.armedia.acm.services.users.dao.ldap.CustomPagedLdapDao - Users found: [0]. DNs: []
&amp#27;[m&amp#27;[32m2026-08-08 14:01:47,371 [INFO ] [main] com.armedia.acm.services.users.dao.ldap.CustomPagedLdapDao - LDAP sync number of enabled users: [5]
&amp#27;[m]]></system-out>
  </testcase>
  <testcase name="findChangedUsersPaged_searchFiltersTest" classname="com.armedia.acm.services.users.dao.ldap.CustomPagedLdapDaoTest" time="0.002">
    <system-out><![CDATA[&amp#27;[36m2026-08-08 14:01:47,372 [DEBUG] [main] com.armedia.acm.services.users.dao.ldap.CustomPagedLdapDao - Search filter: [(&(objectclass=user)(modifyTimestamp>=20260807140147Z))]
&amp#27;[m&amp#27;[36m2026-08-08 14:01:47,372 [DEBUG] [main] com.armedia.acm.services.users.dao.ldap.CustomPagedLdapDao - Users found: [3]. DNs: [dn: axlrose
dn: kurtcobain
dn: plesh]
&amp#27;[m&amp#27;[36m2026-08-08 14:01:47,373 [DEBUG] [main] com.armedia.acm.services.users.dao.ldap.CustomPagedLdapDao - Search filter now: [(&(objectclass=user)(uidNumber>=plesh)(modifyTimestamp>=20260807140147Z))]
&amp#27;[m&amp#27;[36m2026-08-08 14:01:47,373 [DEBUG] [main] com.armedia.acm.services.users.dao.ldap.CustomPagedLdapDao - Search filter: [(&(objectclass=user)(uidNumber>=plesh)(modifyTimestamp>=20260807140147Z))]
&amp#27;[m&amp#27;[36m2026-08-08 14:01:47,373 [DEBUG] [main] com.armedia.acm.services.users.dao.ldap.CustomPagedLdapDao - Users found: [3]. DNs: [dn: plesh
dn: bkreutzmann
dn: davidgilmour]
&amp#27;[m&amp#27;[36m2026-08-08 14:01:47,373 [DEBUG] [main] com.armedia.acm.services.users.dao.ldap.CustomPagedLdapDao - Search filter now: [(&(objectclass=user)(uidNumber>=davidgilmour)(modifyTimestamp>=20260807140147Z))]
&amp#27;[m&amp#27;[36m2026-08-08 14:01:47,373 [DEBUG] [main] com.armedia.acm.services.users.dao.ldap.CustomPagedLdapDao - Search filter: [(&(objectclass=user)(uidNumber>=davidgilmour)(modifyTimestamp>=20260807140147Z))]
&amp#27;[m&amp#27;[36m2026-08-08 14:01:47,373 [DEBUG] [main] com.armedia.acm.services.users.dao.ldap.CustomPagedLdapDao - Users found: [0]. DNs: []
&amp#27;[m&amp#27;[32m2026-08-08 14:01:47,373 [INFO ] [main] com.armedia.acm.services.users.dao.ldap.CustomPagedLdapDao - LDAP sync number of enabled users: [5]
&amp#27;[m]]></system-out>
  </testcase>
</testsuite>
