<?xml version="1.0" encoding="UTF-8"?>
<!--
  PROVENANCE OF THIS FILE. Read this before citing anything below as a captured result.

  WHAT THIS FILE IS. This is the migrated half, on Java 17, of a two sided archive of one unit test
  report: Maven module acm-service-data-update, test class
  com.armedia.acm.services.dataupdate.service.OutlookFolderCreatorPasswordMd5ToSha256UpdateExecutorTest,
  at base commit c8f6226105c28c2743281d26bf21ad73f7bb7f26. The pre migration half of the pair, whose
  runtime is written JDK 8 throughout this archive, is filed beneath the sibling baseline directory under
  the same surefire and module segments and bears an identical file name: the directory carries the before
  and after distinction, not the file name. That twin was read in full before a single character of this
  record was written, and its element nesting, attribute set, attribute ordering and indentation are
  reproduced here so that comparing the two halves is mechanical rather than interpretive. The twin is
  authoritative for the entry name recorded below, because the tie breaking rule makes the pre migration
  record decisive wherever a representation is a judgement call. It is itself a derived record and
  discloses that in its own provenance comment, so neither half of this pair asserts an observed outcome.

  1. THE SKIP IS CLASS LEVEL, AND THAT WAS ESTABLISHED BY READING THE SOURCE. The module's test source
     of record is
     acm-services/acm-service-data-update/src/test/java/com/armedia/acm/services/dataupdate/service/OutlookFolderCreatorPasswordMd5ToSha256UpdateExecutorTest.java
     and it is 159 lines long. Line 52 is blank, line 53 carries the ignore annotation, and line 54 is the
     class declaration, which extends the mock support base class. There is NOTHING between line 53 and
     line 54. The annotation therefore applies to the CLASS and the whole class is skipped, which is a
     materially different report from the one a method level annotation would produce. The class carries
     exactly one such annotation and exactly one test method. Both counts were taken from the source, and
     the test method count was taken with a match anchored on word boundaries, so that the annotation is
     recognised only where it stands as a complete word; a looser search would also match the mock support
     library's annotation for an injected test subject and would over report elsewhere in this archive.

  2. THE ANNOTATION IS INHERITED, NOT INTRODUCED. This is proven rather than assumed. The short commit
     reference cited above resolves to the full form given, and a difference of the working tree against
     that commit is EMPTY, zero bytes, for the test source file itself, for the module's entire test tree,
     for the module's entire main source tree and for the module's own POM. Reading this source at the tip
     of the branch is therefore reading it at the base commit. The skip predates this migration and
     nothing in this record may be read as though the migration disabled the class. The annotation was
     left exactly as found: none was added and none was removed, here or anywhere in the tree. The count
     of ignore annotations across the whole repository was re derived for this record and stands at 26,
     every one of them beneath a test source root, of which this module holds exactly one.

  3. WHICH REPRESENTATION WAS USED, AND WHY. Two representations of a class level skip are defensible. The
     mechanism derived form records ONE skipped entry named for the CLASS, because the runner selection
     chain consults the builder for ignored classes AHEAD of the builder for annotated runners, so a class
     level ignore annotation yields a runner that fires a single ignore event against one suite level
     description and the individual test methods never receive descriptions of their own. The enabling
     condition for that ordering holds here and was checked: this module declares no runner annotation
     anywhere, all three of its test classes being plain classes extending the mock support base class, so
     no annotated runner competes and the ignored class builder wins outright. The naive source derived
     form instead records one skipped entry per test method. THE TWO FORMS COINCIDE IN COUNTS HERE,
     because the class holds exactly ONE test method, so both give one test and one skip; they can differ
     only in the ENTRY NAME. This record uses the MECHANISM DERIVED form, which is also the form the
     baseline twin uses, and it reproduces the twin's name value character for character.

  4. THE SHAPE WAS DERIVED FROM THE RUNNER SELECTION MECHANISM, AND THEN CORROBORATED BY OBSERVATION. The
     description in section 3 is a derivation from how the runner selects and reports, not a reading of
     this class being executed. It was not left as a derivation. A purpose built stand in was exercised on
     this runtime, a single class carrying a class level ignore annotation, one setup fixture and exactly
     one test method, against the same test framework version and the same unit test runner version this
     reactor resolves. The runner selected for it was the runner for ignored classes. The one description
     it carried was named for the class, its method name was null, it had no children at all, and its test
     count was one. Exactly one ignore event fired against that description and no test ever started. The
     report writer then emitted one suite with one test, one skip, no failure and no error, and a single
     entry whose only child was a bare skipped element, and the stand in's test method name appeared
     nowhere in the output. That is what fixes the counts and the shape below. It is expressly NOT a
     capture of the class this record is about: it exercised a stand in, not the module. The stand in was
     removed afterwards and is not part of this change set.

  5. WHERE THE ENTRY NAME COMES FROM. The runner's single description is named for the class, and the
     report writer takes an entry's name from a method name, so for a class level skip it has no method
     name to print and leaves that attribute empty. An empty name is faithful but neither readable nor
     citable, so this archive records the description's own display name instead, the fully qualified class
     name, in both the name and the classname attribute of the single entry. That is exactly what the
     baseline twin records, so both halves of this pair carry the same entry name and the comparison is
     mechanical. The archive's normalisation also omits the schema location and writer version attributes
     a captured suite element carries, keeping the twin's six attribute set in the twin's order: name,
     tests, failures, errors, skipped and time.

  6. THE SKIPPED TEST METHOD IS NAMED HERE, AND ONLY HERE. The class's single test method is
     updateOutlookFolderCreatorPasswords, declared at lines 90 and 91 of the source and throwing a checked
     exception. It is named in this comment deliberately, so that a reader can see which method was
     skipped without opening the source and so that no information is lost by the class level rendering.
     It is NOT recorded as the entry name below and appears nowhere in the body of this report, because
     under the form used here the method never received a description of its own and recording it as an
     entry name would assert a description the runner never created. A reader checking this file should
     therefore expect that identifier to occur inside this comment and never as an attribute value or as
     element content. The setup fixture at lines 64 and 65 carries the before annotation rather than the
     test annotation, so it is not a test method and contributes no entry either; in this case the point
     is doubly moot, since the whole class is skipped and the fixture never runs.

  7. HOW IT WAS PRODUCED. A genuine capture was attempted first, and what follows is the outcome of that
     attempt rather than a tidier account of it. This checkout does carry a working toolchain: a Java 17
     development kit, Maven, and a populated local repository. The attempt therefore ran, in two stages.
     First, an inventory of this module's own sibling reactor dependencies: of 16 such dependencies, 12
     already had an installed artifact at the project version and 4 did not. Those 4 exist nowhere but
     this source tree, so they can only be produced by building them. Second, a single offline reactor
     session building this module's entire dependency closure with tests skipped. That session enumerated
     a closure of 97 modules. 29 of them BUILT on Java 17. The session then HALTED at one upstream module,
     the user login and authentication service, on a single main source file whose field initializer at
     line 56 still names a class in a JDK internal package that the platform no longer exports outside its
     defining module. The remaining 67 modules were skipped, this one among them, so the unit test runner
     never executed for this module and NO report was written anywhere in the tree; there is consequently
     nothing to relocate. That upstream file is assigned elsewhere in this same change set and had not
     landed in this checkout, where it remains identical to the base commit. Two things were deliberately
     NOT done in order to make the capture look complete: no runtime and no build toolchain was installed,
     and no file outside this record's own scope was edited to force the closure to build. The report below
     is therefore DERIVED from the module's test source rather than captured from an executed run.

  8. THE LOCAL FILE BASED ARTIFACT REPOSITORY IS NOT IMPLICATED. It is present in the tree, tracked in
     version control, and carries real artifacts, and its declarations cover four module depths so that
     exactly one of them resolves at any given depth by design. Across the entire session over 97 modules
     there was not one artifact resolution error of any kind, under any of the phrasings such an error
     takes. The honest reason this report is derived is the halted closure build described above, and
     nothing else. Nothing here implies that anything was compiled at the superseded release level either:
     the reactor carries a single compiler release setting, 17, consumed by both of its compiler
     executions, the 29 modules that built compiled at it, and the halt was itself a release 17
     compilation error.

  9. WHAT IS ACCURATE AND WHAT WAS NOT OBSERVED. The suite name, the class name, the entry name, the test
     count of 1 and the skip count of 1 are ACCURATE: they follow from the source and from the runner
     selection mechanism, both of which were checked directly. The zero for failures and the zero for
     errors record that nothing failed and nothing errored, which is true of a skipped class, but they
     were NOT observed in a run of this module and they are not a claim that an executed run passed. No
     failure has been invented to make the report look thorough, and no absence of one has been dressed up
     as a pass. Every time attribute is a STRUCTURAL PLACEHOLDER of zero and not a measurement, because no
     duration was measured.

  10. WHAT IS DELIBERATELY OMITTED, disclosed rather than fabricated.
      a. The optional hostname and timestamp attributes are omitted rather than invented, because a
         derivation has neither a machine name nor a clock reading to record. The core attributes that
         identify and quantify the suite are all present.
      b. The system property dump that a captured report carries is omitted entirely. A derived report has
         no captured dump to retain, and that element is the single most plausible carrier of the very
         content this evidence tree must exclude: a successor namespace artifact name by way of the
         classpath property, absolute filesystem paths by way of the working directory and runtime home
         properties, and a module access JVM argument by way of the argument or command properties.
      c. The standard output and standard error payloads are omitted rather than filled in. Here that is
         not merely prudent, it is factually correct. This module configures a console appender on
         standard output, with its own application package logger at debug level and a root logger at
         info level, so a genuine run of the module does emit real output. THIS CLASS NEVER RUNS, so no
         logger output could exist for it at all, and the one private helper in the source that logs at
         debug level is reachable solely through the skipped test method and can never have executed.
      d. No failure element and no error element appears, because a skip is neither.

  11. WHERE A CAPTURED REPORT WOULD HAVE LIVED. The unit test runner writes a captured report into the
      module's build output directory, at the plain text location <module>/target/surefire-reports/. That
      location is quoted here as text only. This record is filed FLAT, directly beneath a directory named
      for the module alone, and no segment of a build output path is recreated as a directory anywhere
      here, because a build output directory name is ignored by version control at any depth and a report
      left inside one would be invisible to the citation that depends on it. A citation to this record
      keeps the surefire segment, which is authoritative, and names the module by its directory name alone
      rather than by its path within the reactor.

  12. HOW THE COMPARISON AND THE REGISTERS MUST READ THIS. A SKIP IS NOT A FAILURE. Skipped, failed and
      uncovered are three distinct states and this archive keeps them distinct. Every failure entry and
      every error entry that appears anywhere in this archive must map to a row in the baseline test
      failures register, which is referred to here by title alone; one that maps to no row is a migration
      regression rather than an accepted baseline condition. This record carries no failure and no error,
      so it owes that register no row at all, and the skip it does carry may never be cited to justify
      excluding a test. What matters instead is that the skip count of 1 is visible on BOTH halves of this
      pair, so a reader can see the class was already dormant before the migration. Comparison against the
      baseline twin is on entry presence, entry outcome and failure message content, never on byte
      identity, because duration, machine name, run instant and the property dump legitimately vary
      between two runs; archived in its entirety therefore governs completeness of content, not sameness
      of bytes. For this pair the decisive comparison is simply that the single entry is skipped on both
      sides, under the same name. Read this record together with the coverage liveness note,
      jacoco-liveness.txt, in the migrated directory above: an empty coverage data set that yields a
      passing check is a failure notwithstanding a zero exit code, so assert on this archived document and
      never on a build's exit status. One trap is specific to this file and is pre empted here. A SKIPPED
      CLASS CONTRIBUTES NO COVERAGE, and that is expected. It is not evidence of severed instrumentation
      and must not be presented as such.

  13. AN EARNED ZERO. No module access JVM argument appears anywhere in this record, meaning no argument
      that opens or exports an otherwise encapsulated JDK package to the unnamed module. The property dump
      that would have been the plausible carrier of such an argument is omitted by construction, so its
      absence here is a property of this document rather than evidence about a run. The zero is earned
      rather than merely unasked: every accessibility failure met anywhere in this migration was inside a
      TEST library and was resolved by upgrading or removing that library, never by opening a module, so
      production code had nothing to open. The register of JDK access exceptions is the authority on that
      subject and is referred to here by title alone. No successor namespace name appears here either.
      The source of record imports two persistence API types under the namespace it has always used; those
      imports are correct, they are preserved untouched, and this report has no reason to carry them at
      all.

  14. NOTHING ABOUT THE SUBJECT MATTER IS DESCRIBED, AND NOTHING IS DISCLOSED. The only thing this record
      says about what the class exercises is what its fully qualified name already says. Not one of the
      sensitive literals the source carries, and not one of its fixture values or algorithm parameters,
      appears anywhere in this file, in the body or in this comment, whether reproduced, paraphrased,
      partially quoted or reconstructed. The mechanical safeguard is the skip itself: because
      the class never ran, no captured message and no stack trace exists that could carry any of it, which
      is precisely why the output elements and the property dump of section 10 are omitted rather than
      fabricated.

  15. NOTHING WAS FIXED, TIDIED, UNCOMMENTED OR PROPOSED FOR REPAIR. The class level skip is RECORDED, not
      repaired: the annotation was not removed to make the class run, which would have changed the
      repository wide count and altered the behaviour this archive exists to hold constant. Conditions
      observed in the source while these anchors were read are left exactly as they stand, are not
      completed or explained, and no change to any of them is proposed. The change set's escape clause for
      pre existing conditions is invoked exactly twice, and NEITHER invocation falls anywhere under this
      documentation tree.

  16. MODULE NOTES THAT ARE EASY TO GET WRONG. A COVERAGE EXCLUDE IS NOT A TEST EXCLUDE, and this is the
      file where that confusion is likeliest. The coverage plugin configures 8 exclusion globs, and three
      of them sit deceptively close to this class. Each was checked rather than assumed. The outlook
      oriented glob requires a segment pair that reads service then outlook, whereas this module's only
      main package root reads services then dataupdate, so it does NOT match. The glob for a segment
      reading exactly data does NOT match dataupdate. The cryptography glob DOES match two utility
      classes, but both are main classes of a DIFFERENT module. In every case such a glob removes classes
      from coverage MEASUREMENT only and has no effect whatever on test selection, so all three of this
      module's reports still belong beside each other in this folder. No integration test report belongs
      here either: this module's test tree contains no integration test class at all, the integration test
      runner's goals bind after the unit test phase in any case, and an absent integration test is neither
      a pass nor a failure and can never justify an exclusion. There is no fourth report file: a class is
      report eligible if it carries a runner annotation, extends the legacy test case class, or declares at
      least one test method, and this module's 3 test classes declare 2, 1 and 1 test methods respectively
      while none carries a runner annotation and none extends the legacy class. A class level ignore
      annotation does NOT remove a class from the report set, which is exactly why this file exists. This
      module is not one of the mocking framework rewrites: its POM is identical to the base commit,
      declares the mock support library with no version of its own so that the aggregator governs it, and
      declares no removed static mocking framework, no class extension of the mock support library and no
      replacement mocking library. The only delta reaching this module is the resolved version of that
      mock support library, and for a class that never runs that cannot change the outcome at all, which
      makes this pair the archive's cleanest same in same out row. Fail fast is safe for this suite: no POM
      among the reactor's 145 configures a rerun count and no retry plugin is declared anywhere, so an
      observed failure would be real and reproducible. The only artifact in the tree whose name carries the
      word retry is an application library with three consumer modules and has nothing whatever to do with
      rerunning tests.

  17. WHY THIS DISCLOSURE SITS INSIDE THE FILE. The archive's provenance note directory is a sibling
      further up this tree, not a child of this folder, and it is outside this record's scope. This folder
      admits report XML and nothing else: no index, no summary, no manifest, no digest, no notes file, no
      placeholder, no keep file, and no Markdown document at any depth. In particular no separate note
      explaining the class level skip was added, because that explanation belongs here. The disclosure
      therefore travels inside the file it describes.

  18. RULES PROVENANCE, BOTH FACTS STATED TOGETHER. The project's rules facility reports that no user
      rules were provided, so there is no rules document held on disk for this project and no external
      full text source to defer to. That is no licence whatsoever to lower the bar. Rules are nonetheless
      present and binding: the requirements embed a numbered block of seven rules alongside seven
      transformation rules, and they govern this work in full exactly as an external document would, their
      full text living in that embedded block. The identifiers and descriptive labels used to cite them
      across this migration are the plan's own navigational convention rather than quoted titles, and the
      two registers named above are referred to by title alone. No rule was invented and none was
      softened; enterprise best practice applies on top of them, never as a substitute.
-->
<testsuite name="com.armedia.acm.services.dataupdate.service.OutlookFolderCreatorPasswordMd5ToSha256UpdateExecutorTest" tests="1" failures="0" errors="0" skipped="1" time="0">
  <testcase name="com.armedia.acm.services.dataupdate.service.OutlookFolderCreatorPasswordMd5ToSha256UpdateExecutorTest" classname="com.armedia.acm.services.dataupdate.service.OutlookFolderCreatorPasswordMd5ToSha256UpdateExecutorTest" time="0">
    <skipped/>
  </testcase>
</testsuite>
