<?xml version="1.0" encoding="UTF-8"?>
<!--
  ARCHIVED UNIT TEST REPORT, MIGRATED RUN, JAVA 17

  What this is
    A per module unit test report for Maven module acm-task-plugin, test class
    com.armedia.acm.plugins.task.service.impl.ActivitiTaskDaoTest, at base commit
    c8f6226105c28c2743281d26bf21ad73f7bb7f26. It is the migrated half of a two sided archive: it replays on
    Java 17 the same suite whose pre migration counterpart is captured on JDK 8 beneath the sibling baseline
    directory. The directory carries the before and after distinction, so the baseline twin of this record
    bears an identical file name.
    Source of record for every name and count below:
    acm-plugins/acm-default-plugins/acm-task-plugin/src/test/java/com/armedia/acm/plugins/task/service/impl/ActivitiTaskDaoTest.java

  How it was produced, and a correction the plan did not anticipate
    A genuine capture was attempted first, and it SUCCEEDED. That is the correction, and a fact that was re
    derived and found to differ from what the plan carried must be published rather than quietly repeated.
    The plan expected this checkout to provide no Java runtime, no Java compiler, no Maven and no populated
    local repository, and expected this record to be derived from test source in consequence. The verified
    facts are the opposite: a Java 17 development kit reporting 17.0.19, a Java compiler, Maven 3.8.7 and a
    warm local repository are all present, and the platform's virtual machine directory holds a 17 release
    only, with no 8 release anywhere. The module's unit tests were therefore executed offline on Java 17,
    with the compiler at release 17 and the test runner selecting its JUnit 4 provider, and the runner wrote
    a native report beneath the module's build output directory.
    That native report was read and its outcome is carried into this record. It could not be relocated byte
    for byte, and this is stated rather than glossed: this archive's shape deliberately omits the system
    property dump, the host name, the run instant and the measured durations, and it prepends the provenance
    comment you are reading. What is preserved is exactly what the comparison standard judges, namely test
    case presence, test case outcome and failure message content. Relocation rather than renaming is the
    rule whenever a native report is moved, because the native file name already carries the TEST prefix
    plus fully qualified class name form that every citation depends on, and because the root ignore file
    lists the build output directory as a bare pattern that git matches at any depth, so a report left where
    the runner wrote it is invisible to version control and every citation to it breaks silently. No
    directory named for the build output was created anywhere beneath this archive.
    Nothing was installed. Only tools already present on this host were used, and no file outside this
    record's own scope was edited to make the run possible.
    The local file based artifact repository is explicitly not implicated in anything. It sits at the
    repository root, is tracked in version control, and carries real artifacts, and the offline run resolved
    every artifact it needed without one resolution error.

  The class level skip, and which convention this record uses
    This class carries a single ignore annotation at the CLASS level, so the whole class is skipped. Two
    representations were candidates. The first, mechanism derived, follows the runner selection chain of the
    JUnit 4.13 line: the builder that recognises an ignored class is consulted before the builder that
    recognises an annotated runner, so a class level ignore yields an ignored class runner which fires one
    ignore event against a SUITE level description, and the individual test methods never receive
    descriptions of their own. That representation carries ONE skipped entry named for the class, with a
    test count of one and a skipped count of one. The second, naively source derived, would carry twelve
    skipped entries with a test count of twelve. This record uses the FIRST convention.
    The choice is not a judgement call here, and it is not presented as one. The mechanism reasoning was
    formed first and the run then CONFIRMED it: the runner reported one test, zero failures, zero errors and
    one skipped for this class, and it did so twice, once with the class selected on its own and once inside
    the full module run. The naive twelve entry representation is therefore empirically wrong rather than
    merely inelegant. Because the shape was confirmed and not assumed, it is reported here as an
    observation; where a shape anywhere in this archive rests on mechanism alone, that is stated instead,
    and no derived shape is ever dressed up as an observation.
    One attribute is normalised, and it is named here rather than left to be discovered. The runner left the
    name attribute of that single suite level entry EMPTY, because a suite level description carries no
    method name. This folder's shape reference gives every entry a non empty name, so the entry below
    carries the fully qualified class name in both its name attribute and its classname attribute. That is a
    change of representation, not of count and not of outcome, and the comparison standard judges presence,
    outcome and failure message content rather than bytes. The measured elapsed value for the suite was
    0.002 seconds on the full module run and 0.105 seconds with the class selected alone; this archive
    normalises every duration to zero because durations legitimately vary between two runs, so the zero
    below is a normalisation and the measured values are recorded here instead.

  The twelve test methods that did not run
    Their absence from the body below is a property of the convention rather than a loss of information, so
    they are named here in source order: save, completeTask, deleteTask,
    findById_taskWithAssigneeAndCandidateGroup_acmTaskShouldNotHaveCandidateGroup,
    findById_taskWithNoAssigneeAndCandidateGroup_acmTaskShouldHaveCandidateGroup, findById_completedTask,
    findById_noSuchTask, tasksForUser, claimTask, unclaimTask, deleteProcessInstance, startBusinessProcess.
    Twelve names, read from the annotated methods with a token boundary match so that the JUnit test
    annotation is recognised only where it stands as a whole token; a looser search across this archive
    would also match EasyMock's test subject annotation and would over report. None of these names appears
    as an entry in the body below, and none appears in any sibling report either: the check was made across
    every report the runner produced for this module and returned no occurrence of any of them. It was worth
    making, because two of these names collide with live method names in other classes of this module.

  The skip is PRE EXISTING, and is recorded rather than repaired
    The ignore annotation sits at source line 99, alone on its line, immediately before the class
    declaration at line 100, with nothing whatever between the two, which is what makes it unambiguously
    class level. It was inherited from the base commit named above. It was not introduced by this migration
    and it has not been removed. Removing it to make the class run would change the repository wide count of
    ignore annotations under test source, which is twenty six across twelve files, of which this module owns
    exactly one and this is it; that count was re derived rather than taken on trust. Altering it would
    alter baseline behaviour, which the tie breaking rule forbids. Equally, no ignore annotation was added
    anywhere, and any increase in that count would be a violation whether it appeared in test runner
    configuration or in source. This record documents the condition and proposes nothing about it.

  What this record does NOT assert
    No pass. The test count and the skipped count below are accurate and are observations of a real run, and
    the failure count and the error count are likewise observed and are genuinely zero for this class. The
    duration below is NOT an observation but a normalisation, for the reason given above, and the measured
    values sit in that earlier section. The host name and the run instant are omitted rather than
    fabricated. The captured standard output and standard error sections and the system property dump are
    omitted because this archive's shape omits them as well: the dump the runner produced carried
    absolute paths belonging to this checkout, and reproducing it would put machine specific and environment
    specific detail into a record whose whole value is its counts and its outcomes.
    Above all, observing a skip is not observing a pass. The twelve methods named above never executed, so
    this record supplies NO behavioural coverage of the code they address. It asserts that the class was
    skipped, and nothing at all about whether the code it targets works.
    This record speaks only for this class. Every other class in this module carries its own record.

  The headline total, and the obligation it places on other documents
    Because a class level skip yields one entry rather than twelve, this module's sixteen reports carry 43
    entries in total, being 42 executed plus this one skipped class entity, even though the module declares
    54 annotated test methods. That figure is observed and not inferred: the full module run reported 43
    tests run in total with one of them skipped, and counting entry elements across the sixteen native
    reports returns 43 as well. This record cites that run only for the total; the outcome of any other
    class in this module belongs to that class's own record and to the register, never here. Any document
    that quotes a module level test total for acm-task-plugin must be consistent with the convention used
    here: quoting 54 would describe a representation this archive does not use, and quoting 42 would omit
    this record.

  How the registers must read this
    The sibling baseline test failures register must record this class as UNCOVERED, neither passed nor
    failed. A skipped class produced no assertion, so it cannot be counted as a pass, and it did not fail,
    so it cannot be counted as a failure. An uncovered class can never justify a test exclusion, and neither
    can an absent one. A skip is not a failure, so this report owes that register NO row. Every failure or
    error entry that ever appears in this archive must map to a row in that register, and one that maps to
    no row is a migration regression rather than an accepted baseline condition; this record carries no such
    entry, and that obligation holds even where the register legitimately carries no rows at all.
    Comparison against the baseline twin is on test case presence, test case outcome and failure message
    content, never on byte identity, because duration, host name, run instant and the property dump
    legitimately vary between two runs. A skipped entry must remain a skipped entry on both sides, and the
    bare skip element below is the form that must appear there too. Where the tie breaking rule is
    paraphrased here the pre migration runtime is written JDK 8, a substitution that changes no meaning.
    Read this record together with the coverage liveness note, jacoco-liveness.txt, in the migrated
    directory above: an empty coverage data set that yields a passing check is a failure notwithstanding a
    zero exit code. The run behind this record bears that out directly. Selecting this ignored class on its
    own produced no coverage at all, and the coverage check REFUSED to pass it rather than reporting a
    hollow success, while the full module run wrote a coverage data file of substantial size, so
    instrumentation was live and not severed. Assert on this archived document, never on a build's exit
    status. The smoke run summary beside that note is a convenience index and not an authority.

  An earned zero, not an unasked question
    No module access JVM argument token appears anywhere in this record, meaning no argument that opens or
    exports an otherwise encapsulated JDK package to the unnamed module. The system property dump that
    would have been the plausible carrier of such a token is omitted by this archive's shape, so its absence
    here is a property of this document rather than evidence about the run. The JDK access exceptions
    register is the authority on that subject and is referred to here by title alone.

  Why this disclosure sits inside the file
    The archive's designated provenance directory sits beside this folder rather than within it, and is
    outside this record's scope. This folder admits report XML and nothing else: no index, no summary, no
    manifest, no digest, no notes file, no placeholder, and no Markdown at any depth. An added index would
    turn a recursive comparison of the baseline and migrated trees into a structural exercise instead of a
    mechanical one, so the disclosure travels inside the file it describes. The shape reference for this
    folder is the report for AcmApplicationTaskEventListenerTest, from which this record takes its
    declaration line, its attribute set and ordering, its two space indentation and this comment's
    placement before the root element; the one place it departs from that reference is the skip
    representation described above.

  Honest limits of this evidence
    Unit test evidence in this folder does not clear the reactor's oldest load bearing workflow engine. That
    residual risk is assigned to the deployment and smoke gates rather than declared safe, and for THIS
    record the limit is sharper than for any sibling in the folder, because the class that would have
    exercised that engine's task data access layer is the very one that is skipped, and it was already inert
    at the baseline. This archive therefore cannot speak to that engine's behaviour at all. Three findings
    bound the risk without eliminating it: its process definition corpus declares no script tasks and no
    script format, so the platform's removal of the bundled script engine cannot reach it; its persistence
    layer reflects only over the application's own domain classes, through ordinary unrestricted reflection;
    and it reads no class bytes and touches no encapsulated JDK package. No version change is made to that
    engine, and nothing here should be read as suggesting that one was made or is wanted; a version change
    without a demonstrated incompatibility is forbidden as firmly as an unjustified omission.
    This module's POM is unchanged by the migration. Its test libraries are junit, spring-test, h2 and
    easymock, none of them carrying a version of its own, with no static mocking and no bytecode mocking
    framework present. Fourteen of the module's sixteen unit test classes use EasyMock; that is the verified
    figure, obtained by listing the files matching org\.easymock under the module's test tree filtered to
    the unit test file suffix and counting them. The folder requirements imply fifteen, so the delta of one
    is recorded here rather than smoothed over, and the two classes that do not use it are
    CorrectiveActionPlanTest and TaskRulesTest. This class is one of the five in the module that load no
    application context: it declares no runner and no context configuration, and it extends EasyMock's
    support base class.
    Fail fast is safe for this suite: no POM in the reactor configures a rerun count and no retry plugin is
    declared anywhere, so an observed failure would be real and reproducible. The reactor's retry helper
    library is application code and is not test retry tooling.
    The five integration tests in this module are executed by the integration test plugin and emit their own
    reports, so they are correctly absent from this Surefire only directory. An absent integration test is
    neither a pass nor a failure, and can never justify an exclusion.

  Governing rules
    The rules facility reports that no user rules document exists for this project, so there is no external
    full text source to defer to. Rules are present and binding nonetheless: the change set embeds its own
    numbered rules, seven of them, together with seven transformation rules, and the labels used to cite
    them are that change set's own navigational labels rather than quoted titles. The absence of a document
    lowers no standard applied here, no rule was invented, and none was softened.
-->
<testsuite name="com.armedia.acm.plugins.task.service.impl.ActivitiTaskDaoTest" tests="1" errors="0" failures="0" skipped="1" time="0">
  <testcase name="com.armedia.acm.plugins.task.service.impl.ActivitiTaskDaoTest" classname="com.armedia.acm.plugins.task.service.impl.ActivitiTaskDaoTest" time="0">
    <skipped/>
  </testcase>
</testsuite>
