<?xml version="1.0" encoding="UTF-8"?>
<!--
  2A PROVENANCE

  WHAT THIS FILE IS
  The archived migrated side unit test report for the single test class
  com.armedia.acm.auth.AcmGrantedAuthoritiesMapperTest in the module directory
  acm-service-login, whose reactor targets JDK 17. It is part of the evidence that makes
  the no disabling of failing tests rule, labelled R-5 here, verifiable rather than
  merely asserted. The unit under test is this module's role to authority mapping
  primitive, the bean acmAuthoritiesMapper, declared with an initialising init method at
  line 11 of the module's user login Spring library and consumed there at lines 25 and
  38; it sits directly beneath the authentication manager in the module's collaborator
  chain, which is why this report is the first of the module's seven to be mapped.

  Citable form of this file, as the registers refer to it:
  docs/migration/smoke-evidence/migrated/surefire/acm-service-login/TEST-com.armedia.acm.auth.AcmGrantedAuthoritiesMapperTest.xml
  The surefire segment of that path is authoritative and is never dropped, and the module
  component is the module directory name acm-service-login rather than a reactor path.
  The baseline and migrated directories carry the before and after distinction, so the
  filename carries no suffix for it.

  PRODUCTION PATH
  Derived from the test class source at base commit c8f6226105 (full form
  c8f6226105c28c2743281d26bf21ad73f7bb7f26). NO RUN OCCURRED. Nothing recorded below was
  measured or observed, and nothing was invented to stand in for a measurement.

  WHY NO RUN OCCURRED, STATED AS VERIFIED RATHER THAN ASSUMED
  Relocating a report emitted by a genuine migrated run was attempted first. No such
  report existed anywhere in this working tree to relocate, and a targeted migrated run
  of this module was then executed and did not reach the test phase at all. It halted
  during main source compilation of this module's directory context class, at the single
  occurrence there that the compiler can see. The remediation for that site belongs to a
  different file of this same change set and has not yet landed on this branch, so the
  module does not compile here, no test method executes, and the test runner emits no
  report for the module. That is the whole of the obstacle.
  Two candidate explanations are recorded as checked and untrue, so that this file blames
  neither. First, the toolchain is not absent from this checkout: a JDK 17 runtime, a
  compiler and a build tool were all present and were used to make the attempt above.
  The brief for this file anticipated an absent toolchain as the reason; that premise was
  tested and did not hold, and the verified obstacle is the pending upstream remediation
  and nothing else. Recording the anticipated reason instead of the observed one would
  place a falsehood in an evidence file, which is the one thing this archive exists to
  prevent. Second, the local file based artifact repository is not implicated: it is
  present, tracked in version control, and holds real artifacts, and its declarations
  resolve one per module depth by design.
  No runtime was installed in order to fabricate a capture, no capture was simulated, and
  no dependency change is made or proposed by this file. Only the POSIX toolset was used,
  following the in repository precedent of the coverage summary script, which relies on
  find and a single awk program and installs nothing.

  WHAT IS ACCURATE
  The tests count and the skipped count are manifest facts read from the test class
  source at the base commit, using a token boundary pattern rather than a plain substring
  match, because a plain match for the test annotation also strikes the mocking library's
  similarly prefixed field annotation and over reports elsewhere in this archive. So
  derived: the class declares exactly one live test method, at source line 69 with its
  method at line 70, giving tests as 1; and it declares no ignore annotation at all,
  giving skipped as 0. The testcase name and the class name are likewise read from that
  source. A one testcase report is the correct shape for this class and has not been
  rounded up to look fuller.

  WHAT WAS NOT OBSERVED
  The failures count, the errors count and every notion of elapsed time. The zeroes on
  failures and on errors are the arithmetic consequence of this file containing no failure
  element and no error element, and it contains none because no run occurred, not because
  a run observed none. Under the transformation rule on evidence over exit codes, labelled
  R-T7 here, this file therefore records testcase presence and testcase identity and does
  NOT record a verified pass; it asserts no pass and no failure, and a build exit status is
  never the assertion surface. Read it together with the migrated coverage liveness record
  filed at the root of this migrated evidence tree, because an empty coverage data set that
  produces a pass is a failure notwithstanding a zero exit code. The reactor's new test
  runner declaration sets no literal argument line property, which is what keeps the
  coverage agent's own export intact; the reactor declared no test runner at the base
  commit, which is why only the migrated side carries that companion record.

  WHAT WAS DELIBERATELY OMITTED RATHER THAN FABRICATED
  No elapsed time attribute appears on the suite or on the testcase, because writing a
  zero there would assert a measurement never taken. No hostname and no timestamp appear.
  No system property dump appears, and none was invented; a genuine property dump is also
  the principal carrier of absolute filesystem paths, of which this file contains none.
  No captured output elements appear, because composing log lines would be composition
  rather than evidence.

  COMPARISON SEMANTICS AND THE MIRROR
  This file is not byte identical comparable with its baseline twin, and was never meant
  to be. Archiving in its entirety governs content completeness here, not byte identity;
  byte identity is a gate for the frontend build artefacts and not for this archive.
  Judge the two on testcase presence, on testcase outcome and on failure message content.
  The baseline twin remains authoritative for what was failing before. Where the baseline
  behaviour rule, labelled R-7 here, is paraphrased in this comment, the pre-migration
  runtime is written as JDK 8. That is a wording policy accommodation for this
  documentation tree, disclosed here rather than made silently; it denotes the same
  pre-migration runtime as the phrase used in the requirements and changes no meaning.
  One disclosed difference in shape: the baseline twin expresses each value a run alone
  could supply as a textual sentinel reading not-captured, and carries empty property and
  output elements. This file instead omits those attributes and elements outright and
  keeps the numeric attributes the report schema requires. The intent is identical and the
  honesty is stricter, since an omitted attribute cannot be misread as a measurement.

  FAILURE TO ROW OBLIGATION
  Every failure element and every error element in this archive must map to a row of the
  baseline test failures register, referred to by title. A failure with no matching row is
  a migration regression rather than an accepted baseline condition. That obligation holds
  unconditionally, because the register may legitimately carry zero rows, and because a
  module the register records as uncovered is not a baseline failure and can never justify
  an exclusion. This report carries no failure element and no error element, so the
  obligation is discharged with nothing outstanding. No unit test exclusion names this
  class, none may, and nothing in this file should be read as suggesting one does.

  MODULE CONTEXT
  This module contains the migration's only security adjacent source edit, and this folder
  of reports is the module's regression net. Because the module's main source was edited,
  an unregistered failure here is a security outcome regression and is blocking rather than
  a note. Described neutrally, and without reproducing any audited text, the edit is this:
  a class literal reference to a vendor internal naming factory was replaced by the
  identical class name as a string, and two values were externalized into Spring
  configuration unchanged. Of the three occurrences in that class, only the class literal
  field initializer is visible to the compiler; the other two are a configuration string
  literal and a Javadoc block, which matters because the static audit gate is textual
  rather than semantic. The asymmetry that makes the fix possible is a property of the
  platform and not a workaround: compiling against the encapsulated class fails, while a
  runtime lookup of the same class by its name succeeds. That is why the register of
  platform internal access exceptions in production launch configuration, referred to by
  title only, is delivered empty and says so. The zero there is earned: every accessibility
  failure in this migration sat inside a test library and was resolved by upgrading or
  removing that library, every reflective access widening call site in the codebase targets
  the application's own classes, and no platform security manager is installed anywhere in
  the codebase. That last point was checked precisely rather than by name: the only types in
  the tree whose names end in security manager are a third party document sharing library
  interface and the application interface extending it, which are unrelated to the platform
  type the check was looking for. No module access JVM argument that opens or exports an
  otherwise encapsulated JDK package to the unnamed module is relied on by this evidence,
  and none is present in the production launch configuration.
  This module is the clearest illustration in the whole change set of the
  transformation rule, labelled R-T3 here and paraphrased rather than quoted, that where a
  dependency fails under the platform's stronger encapsulation the resolution is to upgrade
  or replace that dependency, and that platform internal call sites are rewritten to
  supported APIs rather than accommodated by widening module access. The related rule,
  labelled R-2 here, is likewise paraphrased and never quoted, so that this file carries no
  literal module access argument token.
  This report is NOT offered as proof that the directory context edit preserves behaviour.
  That evidence belongs to the authenticated login smoke flow and to the deployment gate's
  startup observation that the externalized values resolve from the module's own property
  block and that the context factory is constructed from its class name. Those companions
  are referenced here conceptually and their content is not duplicated.
  Namespace invariance, labelled R-T1 here, is intact: this file contains no reference to
  the successor namespace, and the module's existing javax namespace references are correct
  as they stand and are preserved unchanged in source, in class names and in any captured
  text. That inventory was re derived rather than taken on trust, and for this module it is
  javax.servlet.http, javax.servlet, javax.servlet.request, and the javax.naming family
  comprising javax.naming itself with javax.naming.directory, javax.naming.ldap and
  javax.naming.spi. The brief for this file listed two further packages, one for security
  and one for secure sockets; neither occurs anywhere in this module, so both are recorded
  here as checked and absent rather than repeated on trust. The naming family is the
  pertinent one, being the namespace the directory context class imports and therefore the
  namespace the remediation sits beside while leaving it untouched.
  This report makes no compiler release claim of any kind, and none may be introduced; the
  migrated reactor sets its release target exactly once, in the root aggregator, and no
  module restates it.
  Scope, matching the rule labelled R-6 here: this file records. It fixes nothing, proposes
  no fix, and names no defect to repair. A test failing at the baseline would have been
  captured as failing.
  Verified module facts, re derived rather than taken on trust: the module presents seven
  unit test classes, which is exactly the set archived in this folder and in its baseline
  counterpart. Its single integration class is executed by the integration test plugin and
  is therefore represented here by no report, no testcase entry and no skipped element; an
  absent integration test is neither a pass nor a failure and may never justify an
  exclusion. The ignore annotation count is zero across all seven of those unit test
  classes and zero in the integration class, so this module owns none of the 26 occurrences
  counted across the repository's test sources, and any appearance of one here, whether in
  source or in test runner configuration, would be an increase and therefore a violation.
  The module's project descriptor names no removed mocking framework, carrying zero
  references to the retired partial mocking framework, to its class extension companion and
  to the replacement mocking library alike, which is why this module is correctly absent
  from the change set's mocking stack removal lists; its mocking library floor is governed
  solely by a root aggregator property. Fail fast is safe here: no rerun count configuration
  and no retry plugin exists in any reactor project descriptor, so an observed failure would
  be real and reproducible. The reactor's retry support library is an application dependency
  and not test retry tooling, a false positive that is especially easy to misread in a login
  module.

  RULES PROVENANCE
  Both facts hold together, and stating either one alone would mislead. First, this project
  has no rules document on disk: the rules facility reports, verbatim, that no user rules
  were provided. Second, the requirements nonetheless embed a numbered block of seven rules
  together with seven transformation rules, and those fourteen constraints govern this work
  in full, exactly as an external document would. Reporting only the first would imply that
  general best practice is the sole standard, which is wrong; reporting only the second
  would misrepresent where the rules came from. The R identifiers used throughout this
  comment are the migration plan's own navigational labels and not quoted rule titles.
  Enterprise best practice is applied on top of those fourteen constraints and never as a
  substitute for them.
-->
<testsuite name="com.armedia.acm.auth.AcmGrantedAuthoritiesMapperTest" tests="1" errors="0" skipped="0" failures="0">
  <testcase name="mapAuthorities" classname="com.armedia.acm.auth.AcmGrantedAuthoritiesMapperTest"/>
</testsuite>
